=============================================
Dataset: FUS
Method:  CRBPSA
=============================================
Data loaded ...
Training and Testing started ....

Epoch : 1
Train Loss : 0.1188	 | 	 Accuracy : 0.9297 | 	 AUC : 0.9882 | 	 Precision : 0.9922 | 	 Recall : 0.8689
Test Loss : 0.0053	 | 	 Accuracy : 0.9991 | 	 AUC : 1.0000 | 	 Precision : 1.0000 | 	 Recall : 0.9982

Epoch : 2
Train Loss : 0.0998	 | 	 Accuracy : 0.9343 | 	 AUC : 0.9916 | 	 Precision : 0.9979 | 	 Recall : 0.8711
Test Loss : 0.0067	 | 	 Accuracy : 0.9981 | 	 AUC : 1.0000 | 	 Precision : 0.9998 | 	 Recall : 0.9965

Epoch : 3
Train Loss : 0.0904	 | 	 Accuracy : 0.9394 | 	 AUC : 0.9924 | 	 Precision : 0.9989 | 	 Recall : 0.8800
Test Loss : 0.0073	 | 	 Accuracy : 0.9985 | 	 AUC : 1.0000 | 	 Precision : 1.0000 | 	 Recall : 0.9970

Epoch : 4
Train Loss : 0.0907	 | 	 Accuracy : 0.9383 | 	 AUC : 0.9924 | 	 Precision : 0.9986 | 	 Recall : 0.8785
Test Loss : 0.0028	 | 	 Accuracy : 0.9992 | 	 AUC : 1.0000 | 	 Precision : 0.9993 | 	 Recall : 0.9993

Epoch : 5
Train Loss : 0.0914	 | 	 Accuracy : 0.9368 | 	 AUC : 0.9920 | 	 Precision : 0.9991 | 	 Recall : 0.8751
Test Loss : 0.0031	 | 	 Accuracy : 0.9988 | 	 AUC : 1.0000 | 	 Precision : 0.9992 | 	 Recall : 0.9983

Epoch : 6
Train Loss : 0.0913	 | 	 Accuracy : 0.9356 | 	 AUC : 0.9920 | 	 Precision : 0.9990 | 	 Recall : 0.8725
Test Loss : 0.0050	 | 	 Accuracy : 0.9991 | 	 AUC : 1.0000 | 	 Precision : 1.0000 | 	 Recall : 0.9982

Epoch : 7
Train Loss : 0.0854	 | 	 Accuracy : 0.9389 | 	 AUC : 0.9926 | 	 Precision : 0.9998 | 	 Recall : 0.8782
Test Loss : 0.0003	 | 	 Accuracy : 0.9999 | 	 AUC : 1.0000 | 	 Precision : 1.0000 | 	 Recall : 0.9998

Epoch : 8
Train Loss : 0.0918	 | 	 Accuracy : 0.9375 | 	 AUC : 0.9922 | 	 Precision : 0.9981 | 	 Recall : 0.8772
Test Loss : 0.0002	 | 	 Accuracy : 1.0000 | 	 AUC : 1.0000 | 	 Precision : 1.0000 | 	 Recall : 1.0000

Epoch : 9
Train Loss : 0.0866	 | 	 Accuracy : 0.9384 | 	 AUC : 0.9926 | 	 Precision : 0.9992 | 	 Recall : 0.8778
Test Loss : 0.0004	 | 	 Accuracy : 0.9999 | 	 AUC : 1.0000 | 	 Precision : 1.0000 | 	 Recall : 0.9997

Epoch : 10
Train Loss : 0.0870	 | 	 Accuracy : 0.9396 | 	 AUC : 0.9924 | 	 Precision : 0.9995 | 	 Recall : 0.8799
Test Loss : 0.0006	 | 	 Accuracy : 0.9998 | 	 AUC : 1.0000 | 	 Precision : 1.0000 | 	 Recall : 0.9995

Epoch : 11
Train Loss : 0.0895	 | 	 Accuracy : 0.9384 | 	 AUC : 0.9923 | 	 Precision : 0.9993 | 	 Recall : 0.8780
Test Loss : 0.0007	 | 	 Accuracy : 0.9999 | 	 AUC : 1.0000 | 	 Precision : 1.0000 | 	 Recall : 0.9998

Epoch : 12
Train Loss : 0.0913	 | 	 Accuracy : 0.9385 | 	 AUC : 0.9919 | 	 Precision : 0.9992 | 	 Recall : 0.8778
Test Loss : 0.0007	 | 	 Accuracy : 0.9998 | 	 AUC : 1.0000 | 	 Precision : 0.9998 | 	 Recall : 0.9997

Epoch : 13
Train Loss : 0.0886	 | 	 Accuracy : 0.9383 | 	 AUC : 0.9925 | 	 Precision : 0.9986 | 	 Recall : 0.8778
Test Loss : 0.0014	 | 	 Accuracy : 0.9995 | 	 AUC : 1.0000 | 	 Precision : 1.0000 | 	 Recall : 0.9990

Epoch : 14
Train Loss : 0.0920	 | 	 Accuracy : 0.9367 | 	 AUC : 0.9920 | 	 Precision : 0.9990 | 	 Recall : 0.8747
Test Loss : 0.0005	 | 	 Accuracy : 0.9999 | 	 AUC : 1.0000 | 	 Precision : 1.0000 | 	 Recall : 0.9997

Epoch : 15
Train Loss : 0.0878	 | 	 Accuracy : 0.9403 | 	 AUC : 0.9927 | 	 Precision : 0.9992 | 	 Recall : 0.8810
Test Loss : 0.0010	 | 	 Accuracy : 0.9995 | 	 AUC : 1.0000 | 	 Precision : 0.9997 | 	 Recall : 0.9992

Epoch : 16
Train Loss : 0.0863	 | 	 Accuracy : 0.9382 | 	 AUC : 0.9924 | 	 Precision : 0.9998 | 	 Recall : 0.8764
Test Loss : 0.0043	 | 	 Accuracy : 0.9995 | 	 AUC : 0.9999 | 	 Precision : 1.0000 | 	 Recall : 0.9990

Epoch : 17
Train Loss : 0.0958	 | 	 Accuracy : 0.9351 | 	 AUC : 0.9916 | 	 Precision : 0.9984 | 	 Recall : 0.8721
Test Loss : 0.0028	 | 	 Accuracy : 0.9994 | 	 AUC : 1.0000 | 	 Precision : 0.9995 | 	 Recall : 0.9993

Epoch : 18
Train Loss : 0.0882	 | 	 Accuracy : 0.9394 | 	 AUC : 0.9926 | 	 Precision : 0.9987 | 	 Recall : 0.8800
Test Loss : 0.0061	 | 	 Accuracy : 0.9986 | 	 AUC : 0.9999 | 	 Precision : 0.9994 | 	 Recall : 0.9978

Epoch : 19
Train Loss : 0.0902	 | 	 Accuracy : 0.9360 | 	 AUC : 0.9924 | 	 Precision : 0.9990 | 	 Recall : 0.8730
Test Loss : 0.0014	 | 	 Accuracy : 0.9996 | 	 AUC : 1.0000 | 	 Precision : 0.9998 | 	 Recall : 0.9995

Epoch : 20
Train Loss : 0.0932	 | 	 Accuracy : 0.9363 | 	 AUC : 0.9919 | 	 Precision : 0.9994 | 	 Recall : 0.8733
Test Loss : 0.0022	 | 	 Accuracy : 0.9992 | 	 AUC : 1.0000 | 	 Precision : 1.0000 | 	 Recall : 0.9985

################## Training and Testing is Done! #########################
runing time is : 0:03:39.696723
