=============================================
Dataset: IGF2BP1
Method:  CRBPSA
=============================================
Data loaded ...
Training and Testing started ....

Epoch : 1
Train Loss : 0.1136	 | 	 Accuracy : 0.9282 | 	 AUC : 0.9875 | 	 Precision : 0.9926 | 	 Recall : 0.8662
Test Loss : 0.0045	 | 	 Accuracy : 0.9990 | 	 AUC : 0.9999 | 	 Precision : 1.0000 | 	 Recall : 0.9979

Epoch : 2
Train Loss : 0.0958	 | 	 Accuracy : 0.9343 | 	 AUC : 0.9916 | 	 Precision : 0.9978 | 	 Recall : 0.8710
Test Loss : 0.0080	 | 	 Accuracy : 0.9989 | 	 AUC : 0.9997 | 	 Precision : 0.9995 | 	 Recall : 0.9982

Epoch : 3
Train Loss : 0.1091	 | 	 Accuracy : 0.9367 | 	 AUC : 0.9912 | 	 Precision : 0.9972 | 	 Recall : 0.8758
Test Loss : 0.0244	 | 	 Accuracy : 0.9990 | 	 AUC : 0.9997 | 	 Precision : 0.9995 | 	 Recall : 0.9987

Epoch : 4
Train Loss : 0.0914	 | 	 Accuracy : 0.9380 | 	 AUC : 0.9924 | 	 Precision : 0.9990 | 	 Recall : 0.8776
Test Loss : 0.0101	 | 	 Accuracy : 0.9986 | 	 AUC : 0.9998 | 	 Precision : 1.0000 | 	 Recall : 0.9973

Epoch : 5
Train Loss : 0.0929	 | 	 Accuracy : 0.9365 | 	 AUC : 0.9919 | 	 Precision : 0.9991 | 	 Recall : 0.8747
Test Loss : 0.0118	 | 	 Accuracy : 0.9991 | 	 AUC : 0.9998 | 	 Precision : 0.9992 | 	 Recall : 0.9990

Epoch : 6
Train Loss : 0.0910	 | 	 Accuracy : 0.9354 | 	 AUC : 0.9919 | 	 Precision : 0.9989 | 	 Recall : 0.8722
Test Loss : 0.0170	 | 	 Accuracy : 0.9979 | 	 AUC : 0.9996 | 	 Precision : 1.0000 | 	 Recall : 0.9957

Epoch : 7
Train Loss : 0.0885	 | 	 Accuracy : 0.9381 | 	 AUC : 0.9924 | 	 Precision : 0.9985 | 	 Recall : 0.8776
Test Loss : 0.0135	 | 	 Accuracy : 0.9975 | 	 AUC : 0.9998 | 	 Precision : 0.9958 | 	 Recall : 0.9989

Epoch : 8
Train Loss : 0.0883	 | 	 Accuracy : 0.9380 | 	 AUC : 0.9923 | 	 Precision : 0.9988 | 	 Recall : 0.8776
Test Loss : 0.0066	 | 	 Accuracy : 0.9991 | 	 AUC : 0.9999 | 	 Precision : 0.9995 | 	 Recall : 0.9988

Epoch : 9
Train Loss : 0.0882	 | 	 Accuracy : 0.9383 | 	 AUC : 0.9925 | 	 Precision : 0.9991 | 	 Recall : 0.8777
Test Loss : 0.0064	 | 	 Accuracy : 0.9996 | 	 AUC : 0.9998 | 	 Precision : 1.0000 | 	 Recall : 0.9993

Epoch : 10
Train Loss : 0.0903	 | 	 Accuracy : 0.9392 | 	 AUC : 0.9923 | 	 Precision : 0.9987 | 	 Recall : 0.8798
Test Loss : 0.0056	 | 	 Accuracy : 0.9996 | 	 AUC : 1.0000 | 	 Precision : 1.0000 | 	 Recall : 0.9993

Epoch : 11
Train Loss : 0.0868	 | 	 Accuracy : 0.9388 | 	 AUC : 0.9924 | 	 Precision : 0.9996 | 	 Recall : 0.8784
Test Loss : 0.0072	 | 	 Accuracy : 0.9995 | 	 AUC : 0.9998 | 	 Precision : 1.0000 | 	 Recall : 0.9990

Epoch : 12
Train Loss : 0.0889	 | 	 Accuracy : 0.9387 | 	 AUC : 0.9920 | 	 Precision : 0.9996 | 	 Recall : 0.8779
Test Loss : 0.0050	 | 	 Accuracy : 0.9992 | 	 AUC : 0.9999 | 	 Precision : 0.9995 | 	 Recall : 0.9989

Epoch : 13
Train Loss : 0.0946	 | 	 Accuracy : 0.9376 | 	 AUC : 0.9922 | 	 Precision : 0.9976 | 	 Recall : 0.8772
Test Loss : 0.0053	 | 	 Accuracy : 0.9995 | 	 AUC : 1.0000 | 	 Precision : 0.9995 | 	 Recall : 0.9995

Epoch : 14
Train Loss : 0.0915	 | 	 Accuracy : 0.9364 | 	 AUC : 0.9920 | 	 Precision : 0.9986 | 	 Recall : 0.8746
Test Loss : 0.0059	 | 	 Accuracy : 0.9989 | 	 AUC : 0.9999 | 	 Precision : 1.0000 | 	 Recall : 0.9978

Epoch : 15
Train Loss : 0.0881	 | 	 Accuracy : 0.9402 | 	 AUC : 0.9926 | 	 Precision : 0.9991 | 	 Recall : 0.8809
Test Loss : 0.0255	 | 	 Accuracy : 0.9978 | 	 AUC : 0.9999 | 	 Precision : 1.0000 | 	 Recall : 0.9954

Epoch : 16
Train Loss : 0.0910	 | 	 Accuracy : 0.9375 | 	 AUC : 0.9922 | 	 Precision : 0.9990 | 	 Recall : 0.8757
Test Loss : 0.0069	 | 	 Accuracy : 0.9995 | 	 AUC : 0.9997 | 	 Precision : 1.0000 | 	 Recall : 0.9989

Epoch : 17
Train Loss : 0.0915	 | 	 Accuracy : 0.9356 | 	 AUC : 0.9917 | 	 Precision : 0.9994 | 	 Recall : 0.8723
Test Loss : 0.0035	 | 	 Accuracy : 0.9995 | 	 AUC : 0.9999 | 	 Precision : 1.0000 | 	 Recall : 0.9991

Epoch : 18
Train Loss : 0.0915	 | 	 Accuracy : 0.9391 | 	 AUC : 0.9925 | 	 Precision : 0.9983 | 	 Recall : 0.8798
Test Loss : 0.0085	 | 	 Accuracy : 0.9992 | 	 AUC : 0.9998 | 	 Precision : 1.0000 | 	 Recall : 0.9985

Epoch : 19
Train Loss : 0.0882	 | 	 Accuracy : 0.9361 | 	 AUC : 0.9924 | 	 Precision : 0.9990 | 	 Recall : 0.8731
Test Loss : 0.0043	 | 	 Accuracy : 0.9995 | 	 AUC : 0.9999 | 	 Precision : 1.0000 | 	 Recall : 0.9990

Epoch : 20
Train Loss : 0.0911	 | 	 Accuracy : 0.9361 | 	 AUC : 0.9920 | 	 Precision : 0.9984 | 	 Recall : 0.8736
Test Loss : 0.0090	 | 	 Accuracy : 0.9985 | 	 AUC : 0.9998 | 	 Precision : 1.0000 | 	 Recall : 0.9969

################## Training and Testing is Done! #########################
runing time is : 0:03:39.889266
