=============================================
Dataset: PUM2
Method:  CRBPSA
=============================================
Data loaded ...
Training and Testing started ....

Epoch : 1
Train Loss : 0.2076	 | 	 Accuracy : 0.9025 | 	 AUC : 0.9689 | 	 Precision : 0.9670 | 	 Recall : 0.8532
Test Loss : 0.1176	 | 	 Accuracy : 0.9877 | 	 AUC : 0.9973 | 	 Precision : 0.9891 | 	 Recall : 0.9869

Epoch : 2
Train Loss : 0.1022	 | 	 Accuracy : 0.9362 | 	 AUC : 0.9913 | 	 Precision : 0.9952 | 	 Recall : 0.8783
Test Loss : 0.0125	 | 	 Accuracy : 0.9944 | 	 AUC : 0.9999 | 	 Precision : 0.9970 | 	 Recall : 0.9906

Epoch : 3
Train Loss : 0.1013	 | 	 Accuracy : 0.9386 | 	 AUC : 0.9913 | 	 Precision : 0.9974 | 	 Recall : 0.8800
Test Loss : 0.0190	 | 	 Accuracy : 0.9933 | 	 AUC : 0.9999 | 	 Precision : 0.9974 | 	 Recall : 0.9882

Epoch : 4
Train Loss : 0.1012	 | 	 Accuracy : 0.9308 | 	 AUC : 0.9914 | 	 Precision : 0.9988 | 	 Recall : 0.8610
Test Loss : 0.1445	 | 	 Accuracy : 0.9855 | 	 AUC : 1.0000 | 	 Precision : 1.0000 | 	 Recall : 0.9713

Epoch : 5
Train Loss : 0.1051	 | 	 Accuracy : 0.9345 | 	 AUC : 0.9916 | 	 Precision : 0.9966 | 	 Recall : 0.8729
Test Loss : 0.0165	 | 	 Accuracy : 0.9978 | 	 AUC : 0.9998 | 	 Precision : 1.0000 | 	 Recall : 0.9949

Epoch : 6
Train Loss : 0.0921	 | 	 Accuracy : 0.9359 | 	 AUC : 0.9917 | 	 Precision : 0.9994 | 	 Recall : 0.8718
Test Loss : 0.0304	 | 	 Accuracy : 0.9989 | 	 AUC : 0.9998 | 	 Precision : 1.0000 | 	 Recall : 0.9978

Epoch : 7
Train Loss : 0.0884	 | 	 Accuracy : 0.9362 | 	 AUC : 0.9923 | 	 Precision : 1.0000 | 	 Recall : 0.8734
Test Loss : 0.0105	 | 	 Accuracy : 0.9978 | 	 AUC : 0.9999 | 	 Precision : 1.0000 | 	 Recall : 0.9958

Epoch : 8
Train Loss : 0.0877	 | 	 Accuracy : 0.9364 | 	 AUC : 0.9921 | 	 Precision : 1.0000 | 	 Recall : 0.8735
Test Loss : 0.0119	 | 	 Accuracy : 0.9967 | 	 AUC : 1.0000 | 	 Precision : 1.0000 | 	 Recall : 0.9938

Epoch : 9
Train Loss : 0.0851	 | 	 Accuracy : 0.9402 | 	 AUC : 0.9927 | 	 Precision : 0.9994 | 	 Recall : 0.8805
Test Loss : 0.0040	 | 	 Accuracy : 0.9978 | 	 AUC : 1.0000 | 	 Precision : 1.0000 | 	 Recall : 0.9959

Epoch : 10
Train Loss : 0.0900	 | 	 Accuracy : 0.9388 | 	 AUC : 0.9919 | 	 Precision : 1.0000 | 	 Recall : 0.8789
Test Loss : 0.0133	 | 	 Accuracy : 0.9967 | 	 AUC : 1.0000 | 	 Precision : 1.0000 | 	 Recall : 0.9930

Epoch : 11
Train Loss : 0.0847	 | 	 Accuracy : 0.9380 | 	 AUC : 0.9924 | 	 Precision : 1.0000 | 	 Recall : 0.8766
Test Loss : 0.0088	 | 	 Accuracy : 0.9955 | 	 AUC : 1.0000 | 	 Precision : 1.0000 | 	 Recall : 0.9913

Epoch : 12
Train Loss : 0.0870	 | 	 Accuracy : 0.9380 | 	 AUC : 0.9921 | 	 Precision : 1.0000 | 	 Recall : 0.8773
Test Loss : 0.0090	 | 	 Accuracy : 0.9978 | 	 AUC : 0.9999 | 	 Precision : 0.9976 | 	 Recall : 0.9974

Epoch : 13
Train Loss : 0.0890	 | 	 Accuracy : 0.9345 | 	 AUC : 0.9921 | 	 Precision : 1.0000 | 	 Recall : 0.8708
Test Loss : 0.0093	 | 	 Accuracy : 0.9967 | 	 AUC : 1.0000 | 	 Precision : 0.9975 | 	 Recall : 0.9953

Epoch : 14
Train Loss : 0.0922	 | 	 Accuracy : 0.9343 | 	 AUC : 0.9909 | 	 Precision : 1.0000 | 	 Recall : 0.8689
Test Loss : 0.0120	 | 	 Accuracy : 0.9967 | 	 AUC : 1.0000 | 	 Precision : 0.9973 | 	 Recall : 0.9960

Epoch : 15
Train Loss : 0.0983	 | 	 Accuracy : 0.9367 | 	 AUC : 0.9910 | 	 Precision : 0.9981 | 	 Recall : 0.8753
Test Loss : 0.0126	 | 	 Accuracy : 0.9955 | 	 AUC : 1.0000 | 	 Precision : 0.9923 | 	 Recall : 0.9981

Epoch : 16
Train Loss : 0.0936	 | 	 Accuracy : 0.9418 | 	 AUC : 0.9923 | 	 Precision : 0.9971 | 	 Recall : 0.8877
Test Loss : 0.0107	 | 	 Accuracy : 0.9989 | 	 AUC : 1.0000 | 	 Precision : 0.9978 | 	 Recall : 1.0000

Epoch : 17
Train Loss : 0.0929	 | 	 Accuracy : 0.9386 | 	 AUC : 0.9927 | 	 Precision : 0.9994 | 	 Recall : 0.8786
Test Loss : 0.0036	 | 	 Accuracy : 0.9989 | 	 AUC : 1.0000 | 	 Precision : 0.9975 | 	 Recall : 1.0000

Epoch : 18
Train Loss : 0.0895	 | 	 Accuracy : 0.9356 | 	 AUC : 0.9921 | 	 Precision : 0.9968 | 	 Recall : 0.8749
Test Loss : 0.0085	 | 	 Accuracy : 0.9967 | 	 AUC : 0.9999 | 	 Precision : 1.0000 | 	 Recall : 0.9931

Epoch : 19
Train Loss : 0.0861	 | 	 Accuracy : 0.9370 | 	 AUC : 0.9925 | 	 Precision : 1.0000 | 	 Recall : 0.8741
Test Loss : 0.0050	 | 	 Accuracy : 0.9978 | 	 AUC : 1.0000 | 	 Precision : 0.9975 | 	 Recall : 0.9982

Epoch : 20
Train Loss : 0.0914	 | 	 Accuracy : 0.9343 | 	 AUC : 0.9918 | 	 Precision : 0.9974 | 	 Recall : 0.8690
Test Loss : 0.0150	 | 	 Accuracy : 0.9955 | 	 AUC : 0.9999 | 	 Precision : 0.9955 | 	 Recall : 0.9955

################## Training and Testing is Done! #########################
runing time is : 0:00:25.481532
