=============================================
Dataset: ZC3H7B
Method:  CRBPSA
=============================================
Data loaded ...
Training and Testing started ....

Epoch : 1
Train Loss : 0.1191	 | 	 Accuracy : 0.9288 | 	 AUC : 0.9881 | 	 Precision : 0.9917 | 	 Recall : 0.8651
Test Loss : 0.0018	 | 	 Accuracy : 0.9990 | 	 AUC : 1.0000 | 	 Precision : 1.0000 | 	 Recall : 0.9983

Epoch : 2
Train Loss : 0.1307	 | 	 Accuracy : 0.9343 | 	 AUC : 0.9902 | 	 Precision : 0.9920 | 	 Recall : 0.8774
Test Loss : 0.0028	 | 	 Accuracy : 0.9985 | 	 AUC : 1.0000 | 	 Precision : 0.9975 | 	 Recall : 0.9996

Epoch : 3
Train Loss : 0.0900	 | 	 Accuracy : 0.9364 | 	 AUC : 0.9919 | 	 Precision : 0.9990 | 	 Recall : 0.8736
Test Loss : 0.0008	 | 	 Accuracy : 0.9998 | 	 AUC : 1.0000 | 	 Precision : 0.9996 | 	 Recall : 1.0000

Epoch : 4
Train Loss : 0.0902	 | 	 Accuracy : 0.9393 | 	 AUC : 0.9926 | 	 Precision : 0.9988 | 	 Recall : 0.8803
Test Loss : 0.0352	 | 	 Accuracy : 0.9977 | 	 AUC : 0.9989 | 	 Precision : 0.9953 | 	 Recall : 1.0000

Epoch : 5
Train Loss : 0.0931	 | 	 Accuracy : 0.9380 | 	 AUC : 0.9922 | 	 Precision : 0.9992 | 	 Recall : 0.8764
Test Loss : 0.0000	 | 	 Accuracy : 1.0000 | 	 AUC : 1.0000 | 	 Precision : 1.0000 | 	 Recall : 1.0000

Epoch : 6
Train Loss : 0.0847	 | 	 Accuracy : 0.9396 | 	 AUC : 0.9927 | 	 Precision : 0.9994 | 	 Recall : 0.8803
Test Loss : 0.0040	 | 	 Accuracy : 0.9996 | 	 AUC : 1.0000 | 	 Precision : 0.9993 | 	 Recall : 1.0000

Epoch : 7
Train Loss : 0.0886	 | 	 Accuracy : 0.9384 | 	 AUC : 0.9920 | 	 Precision : 0.9994 | 	 Recall : 0.8779
Test Loss : 0.0008	 | 	 Accuracy : 0.9996 | 	 AUC : 1.0000 | 	 Precision : 1.0000 | 	 Recall : 0.9993

Epoch : 8
Train Loss : 0.0888	 | 	 Accuracy : 0.9377 | 	 AUC : 0.9922 | 	 Precision : 0.9996 | 	 Recall : 0.8763
Test Loss : 0.0005	 | 	 Accuracy : 0.9998 | 	 AUC : 1.0000 | 	 Precision : 0.9996 | 	 Recall : 1.0000

Epoch : 9
Train Loss : 0.0907	 | 	 Accuracy : 0.9380 | 	 AUC : 0.9917 | 	 Precision : 0.9994 | 	 Recall : 0.8769
Test Loss : 0.0053	 | 	 Accuracy : 0.9990 | 	 AUC : 1.0000 | 	 Precision : 1.0000 | 	 Recall : 0.9980

Epoch : 10
Train Loss : 0.0884	 | 	 Accuracy : 0.9371 | 	 AUC : 0.9921 | 	 Precision : 0.9998 | 	 Recall : 0.8749
Test Loss : 0.0004	 | 	 Accuracy : 0.9998 | 	 AUC : 1.0000 | 	 Precision : 0.9996 | 	 Recall : 1.0000

Epoch : 11
Train Loss : 0.0873	 | 	 Accuracy : 0.9396 | 	 AUC : 0.9929 | 	 Precision : 0.9989 | 	 Recall : 0.8807
Test Loss : 0.0000	 | 	 Accuracy : 1.0000 | 	 AUC : 1.0000 | 	 Precision : 1.0000 | 	 Recall : 1.0000

Epoch : 12
Train Loss : 0.0844	 | 	 Accuracy : 0.9393 | 	 AUC : 0.9925 | 	 Precision : 1.0000 | 	 Recall : 0.8786
Test Loss : 0.0004	 | 	 Accuracy : 0.9998 | 	 AUC : 1.0000 | 	 Precision : 0.9996 | 	 Recall : 1.0000

Epoch : 13
Train Loss : 0.0868	 | 	 Accuracy : 0.9386 | 	 AUC : 0.9922 | 	 Precision : 0.9997 | 	 Recall : 0.8774
Test Loss : 0.0034	 | 	 Accuracy : 0.9994 | 	 AUC : 1.0000 | 	 Precision : 1.0000 | 	 Recall : 0.9989

Epoch : 14
Train Loss : 0.0889	 | 	 Accuracy : 0.9386 | 	 AUC : 0.9927 | 	 Precision : 0.9986 | 	 Recall : 0.8783
Test Loss : 0.0001	 | 	 Accuracy : 1.0000 | 	 AUC : 1.0000 | 	 Precision : 1.0000 | 	 Recall : 1.0000

Epoch : 15
Train Loss : 0.0857	 | 	 Accuracy : 0.9383 | 	 AUC : 0.9926 | 	 Precision : 0.9997 | 	 Recall : 0.8773
Test Loss : 0.0000	 | 	 Accuracy : 1.0000 | 	 AUC : 1.0000 | 	 Precision : 1.0000 | 	 Recall : 1.0000

Epoch : 16
Train Loss : 0.0887	 | 	 Accuracy : 0.9385 | 	 AUC : 0.9923 | 	 Precision : 0.9988 | 	 Recall : 0.8781
Test Loss : 0.0011	 | 	 Accuracy : 0.9996 | 	 AUC : 1.0000 | 	 Precision : 0.9992 | 	 Recall : 1.0000

Epoch : 17
Train Loss : 0.0859	 | 	 Accuracy : 0.9397 | 	 AUC : 0.9924 | 	 Precision : 0.9994 | 	 Recall : 0.8798
Test Loss : 0.0035	 | 	 Accuracy : 1.0000 | 	 AUC : 1.0000 | 	 Precision : 1.0000 | 	 Recall : 1.0000

Epoch : 18
Train Loss : 0.0868	 | 	 Accuracy : 0.9365 | 	 AUC : 0.9922 | 	 Precision : 0.9998 | 	 Recall : 0.8730
Test Loss : 0.0000	 | 	 Accuracy : 1.0000 | 	 AUC : 1.0000 | 	 Precision : 1.0000 | 	 Recall : 1.0000

Epoch : 19
Train Loss : 0.0860	 | 	 Accuracy : 0.9379 | 	 AUC : 0.9923 | 	 Precision : 0.9999 | 	 Recall : 0.8753
Test Loss : 0.0027	 | 	 Accuracy : 0.9998 | 	 AUC : 1.0000 | 	 Precision : 1.0000 | 	 Recall : 0.9996

Epoch : 20
Train Loss : 0.0898	 | 	 Accuracy : 0.9366 | 	 AUC : 0.9925 | 	 Precision : 0.9994 | 	 Recall : 0.8746
Test Loss : 0.0011	 | 	 Accuracy : 0.9998 | 	 AUC : 1.0000 | 	 Precision : 0.9996 | 	 Recall : 1.0000

################## Training and Testing is Done! #########################
runing time is : 0:02:24.215126
