=============================================
Dataset: TDP43
Method:  CRBPSA
=============================================
Data loaded ...
Training and Testing started ....

Epoch : 1
Train Loss : 0.1734	 | 	 Accuracy : 0.9128 | 	 AUC : 0.9793 | 	 Precision : 0.9714 | 	 Recall : 0.8508
Test Loss : 0.0843	 | 	 Accuracy : 0.9871 | 	 AUC : 0.9975 | 	 Precision : 0.9909 | 	 Recall : 0.9839

Epoch : 2
Train Loss : 0.1199	 | 	 Accuracy : 0.9302 | 	 AUC : 0.9897 | 	 Precision : 0.9968 | 	 Recall : 0.8635
Test Loss : 0.0640	 | 	 Accuracy : 0.9945 | 	 AUC : 0.9981 | 	 Precision : 0.9972 | 	 Recall : 0.9920

Epoch : 3
Train Loss : 0.1112	 | 	 Accuracy : 0.9319 | 	 AUC : 0.9905 | 	 Precision : 0.9959 | 	 Recall : 0.8685
Test Loss : 0.2040	 | 	 Accuracy : 0.9931 | 	 AUC : 0.9977 | 	 Precision : 0.9991 | 	 Recall : 0.9871

Epoch : 4
Train Loss : 0.1212	 | 	 Accuracy : 0.9361 | 	 AUC : 0.9909 | 	 Precision : 0.9978 | 	 Recall : 0.8735
Test Loss : 0.0592	 | 	 Accuracy : 0.9936 | 	 AUC : 0.9971 | 	 Precision : 0.9960 | 	 Recall : 0.9906

Epoch : 5
Train Loss : 0.1019	 | 	 Accuracy : 0.9360 | 	 AUC : 0.9915 | 	 Precision : 0.9990 | 	 Recall : 0.8724
Test Loss : 0.0614	 | 	 Accuracy : 0.9926 | 	 AUC : 0.9970 | 	 Precision : 0.9942 | 	 Recall : 0.9908

Epoch : 6
Train Loss : 0.1076	 | 	 Accuracy : 0.9318 | 	 AUC : 0.9907 | 	 Precision : 0.9982 | 	 Recall : 0.8658
Test Loss : 0.0950	 | 	 Accuracy : 0.9954 | 	 AUC : 0.9978 | 	 Precision : 0.9982 | 	 Recall : 0.9927

Epoch : 7
Train Loss : 0.0892	 | 	 Accuracy : 0.9369 | 	 AUC : 0.9921 | 	 Precision : 0.9993 | 	 Recall : 0.8753
Test Loss : 0.0535	 | 	 Accuracy : 0.9968 | 	 AUC : 0.9979 | 	 Precision : 0.9991 | 	 Recall : 0.9942

Epoch : 8
Train Loss : 0.1031	 | 	 Accuracy : 0.9372 | 	 AUC : 0.9925 | 	 Precision : 0.9987 | 	 Recall : 0.8759
Test Loss : 0.0432	 | 	 Accuracy : 0.9931 | 	 AUC : 0.9981 | 	 Precision : 0.9927 | 	 Recall : 0.9936

Epoch : 9
Train Loss : 0.0969	 | 	 Accuracy : 0.9367 | 	 AUC : 0.9918 | 	 Precision : 0.9966 | 	 Recall : 0.8765
Test Loss : 0.0411	 | 	 Accuracy : 0.9986 | 	 AUC : 0.9980 | 	 Precision : 0.9990 | 	 Recall : 0.9980

Epoch : 10
Train Loss : 0.0899	 | 	 Accuracy : 0.9389 | 	 AUC : 0.9926 | 	 Precision : 0.9995 | 	 Recall : 0.8780
Test Loss : 0.0591	 | 	 Accuracy : 0.9986 | 	 AUC : 0.9979 | 	 Precision : 1.0000 | 	 Recall : 0.9971

Epoch : 11
Train Loss : 0.0881	 | 	 Accuracy : 0.9388 | 	 AUC : 0.9926 | 	 Precision : 0.9995 | 	 Recall : 0.8784
Test Loss : 0.0488	 | 	 Accuracy : 0.9982 | 	 AUC : 0.9984 | 	 Precision : 1.0000 | 	 Recall : 0.9968

Epoch : 12
Train Loss : 0.0912	 | 	 Accuracy : 0.9400 | 	 AUC : 0.9921 | 	 Precision : 0.9991 | 	 Recall : 0.8797
Test Loss : 0.0520	 | 	 Accuracy : 0.9922 | 	 AUC : 0.9992 | 	 Precision : 0.9878 | 	 Recall : 0.9975

Epoch : 13
Train Loss : 0.0992	 | 	 Accuracy : 0.9329 | 	 AUC : 0.9918 | 	 Precision : 0.9963 | 	 Recall : 0.8683
Test Loss : 0.0208	 | 	 Accuracy : 0.9986 | 	 AUC : 0.9985 | 	 Precision : 1.0000 | 	 Recall : 0.9975

Epoch : 14
Train Loss : 0.0843	 | 	 Accuracy : 0.9432 | 	 AUC : 0.9928 | 	 Precision : 0.9991 | 	 Recall : 0.8869
Test Loss : 0.0856	 | 	 Accuracy : 0.9982 | 	 AUC : 0.9981 | 	 Precision : 1.0000 | 	 Recall : 0.9961

Epoch : 15
Train Loss : 0.0926	 | 	 Accuracy : 0.9386 | 	 AUC : 0.9917 | 	 Precision : 0.9973 | 	 Recall : 0.8787
Test Loss : 0.0410	 | 	 Accuracy : 0.9986 | 	 AUC : 0.9984 | 	 Precision : 1.0000 | 	 Recall : 0.9971

Epoch : 16
Train Loss : 0.1022	 | 	 Accuracy : 0.9343 | 	 AUC : 0.9914 | 	 Precision : 0.9971 | 	 Recall : 0.8701
Test Loss : 0.0406	 | 	 Accuracy : 0.9982 | 	 AUC : 0.9982 | 	 Precision : 1.0000 | 	 Recall : 0.9960

Epoch : 17
Train Loss : 0.0863	 | 	 Accuracy : 0.9360 | 	 AUC : 0.9921 | 	 Precision : 0.9992 | 	 Recall : 0.8726
Test Loss : 0.0384	 | 	 Accuracy : 0.9986 | 	 AUC : 0.9984 | 	 Precision : 1.0000 | 	 Recall : 0.9972

Epoch : 18
Train Loss : 0.0926	 | 	 Accuracy : 0.9382 | 	 AUC : 0.9918 | 	 Precision : 0.9987 | 	 Recall : 0.8771
Test Loss : 0.0383	 | 	 Accuracy : 0.9945 | 	 AUC : 0.9984 | 	 Precision : 1.0000 | 	 Recall : 0.9889

Epoch : 19
Train Loss : 0.0869	 | 	 Accuracy : 0.9384 | 	 AUC : 0.9926 | 	 Precision : 0.9996 | 	 Recall : 0.8771
Test Loss : 0.0229	 | 	 Accuracy : 0.9982 | 	 AUC : 0.9982 | 	 Precision : 0.9991 | 	 Recall : 0.9972

Epoch : 20
Train Loss : 0.0840	 | 	 Accuracy : 0.9388 | 	 AUC : 0.9922 | 	 Precision : 1.0000 | 	 Recall : 0.8759
Test Loss : 0.0418	 | 	 Accuracy : 0.9977 | 	 AUC : 0.9984 | 	 Precision : 1.0000 | 	 Recall : 0.9956

################## Training and Testing is Done! #########################
runing time is : 0:01:00.337581
