=============================================
Dataset: HNRNPC
Method:  CRBPSA
=============================================
Data loaded ...
Training and Testing started ....

Epoch : 1
Train Loss : 0.1163	 | 	 Accuracy : 0.9268 | 	 AUC : 0.9870 | 	 Precision : 0.9890 | 	 Recall : 0.8637
Test Loss : 0.0292	 | 	 Accuracy : 0.9975 | 	 AUC : 1.0000 | 	 Precision : 0.9993 | 	 Recall : 0.9960

Epoch : 2
Train Loss : 0.1035	 | 	 Accuracy : 0.9355 | 	 AUC : 0.9916 | 	 Precision : 0.9979 | 	 Recall : 0.8729
Test Loss : 0.0180	 | 	 Accuracy : 0.9984 | 	 AUC : 0.9996 | 	 Precision : 0.9972 | 	 Recall : 0.9997

Epoch : 3
Train Loss : 0.0941	 | 	 Accuracy : 0.9370 | 	 AUC : 0.9919 | 	 Precision : 0.9992 | 	 Recall : 0.8752
Test Loss : 0.0056	 | 	 Accuracy : 0.9991 | 	 AUC : 0.9999 | 	 Precision : 0.9993 | 	 Recall : 0.9991

Epoch : 4
Train Loss : 0.0899	 | 	 Accuracy : 0.9376 | 	 AUC : 0.9924 | 	 Precision : 0.9986 | 	 Recall : 0.8762
Test Loss : 0.0096	 | 	 Accuracy : 0.9993 | 	 AUC : 0.9999 | 	 Precision : 1.0000 | 	 Recall : 0.9985

Epoch : 5
Train Loss : 0.0910	 | 	 Accuracy : 0.9368 | 	 AUC : 0.9924 | 	 Precision : 0.9993 | 	 Recall : 0.8741
Test Loss : 0.0087	 | 	 Accuracy : 0.9982 | 	 AUC : 1.0000 | 	 Precision : 0.9992 | 	 Recall : 0.9973

Epoch : 6
Train Loss : 0.0857	 | 	 Accuracy : 0.9389 | 	 AUC : 0.9926 | 	 Precision : 0.9998 | 	 Recall : 0.8781
Test Loss : 0.0127	 | 	 Accuracy : 0.9988 | 	 AUC : 0.9998 | 	 Precision : 1.0000 | 	 Recall : 0.9975

Epoch : 7
Train Loss : 0.0893	 | 	 Accuracy : 0.9358 | 	 AUC : 0.9919 | 	 Precision : 0.9994 | 	 Recall : 0.8725
Test Loss : 0.0032	 | 	 Accuracy : 0.9988 | 	 AUC : 1.0000 | 	 Precision : 1.0000 | 	 Recall : 0.9977

Epoch : 8
Train Loss : 0.0899	 | 	 Accuracy : 0.9357 | 	 AUC : 0.9921 | 	 Precision : 0.9993 | 	 Recall : 0.8732
Test Loss : 0.0050	 | 	 Accuracy : 0.9988 | 	 AUC : 1.0000 | 	 Precision : 0.9996 | 	 Recall : 0.9979

Epoch : 9
Train Loss : 0.0900	 | 	 Accuracy : 0.9349 | 	 AUC : 0.9921 | 	 Precision : 0.9993 | 	 Recall : 0.8708
Test Loss : 0.0031	 | 	 Accuracy : 0.9995 | 	 AUC : 1.0000 | 	 Precision : 0.9997 | 	 Recall : 0.9992

Epoch : 10
Train Loss : 0.0871	 | 	 Accuracy : 0.9405 | 	 AUC : 0.9927 | 	 Precision : 0.9994 | 	 Recall : 0.8819
Test Loss : 0.0009	 | 	 Accuracy : 0.9996 | 	 AUC : 1.0000 | 	 Precision : 1.0000 | 	 Recall : 0.9994

Epoch : 11
Train Loss : 0.0897	 | 	 Accuracy : 0.9381 | 	 AUC : 0.9924 | 	 Precision : 0.9993 | 	 Recall : 0.8775
Test Loss : 0.0032	 | 	 Accuracy : 0.9993 | 	 AUC : 1.0000 | 	 Precision : 0.9997 | 	 Recall : 0.9990

Epoch : 12
Train Loss : 0.0878	 | 	 Accuracy : 0.9364 | 	 AUC : 0.9923 | 	 Precision : 0.9996 | 	 Recall : 0.8728
Test Loss : 0.0028	 | 	 Accuracy : 0.9995 | 	 AUC : 1.0000 | 	 Precision : 1.0000 | 	 Recall : 0.9989

Epoch : 13
Train Loss : 0.0853	 | 	 Accuracy : 0.9401 | 	 AUC : 0.9926 | 	 Precision : 0.9988 | 	 Recall : 0.8812
Test Loss : 0.0107	 | 	 Accuracy : 0.9979 | 	 AUC : 0.9999 | 	 Precision : 0.9997 | 	 Recall : 0.9963

Epoch : 14
Train Loss : 0.0894	 | 	 Accuracy : 0.9350 | 	 AUC : 0.9919 | 	 Precision : 0.9993 | 	 Recall : 0.8709
Test Loss : 0.0073	 | 	 Accuracy : 0.9996 | 	 AUC : 1.0000 | 	 Precision : 1.0000 | 	 Recall : 0.9993

Epoch : 15
Train Loss : 0.0849	 | 	 Accuracy : 0.9393 | 	 AUC : 0.9924 | 	 Precision : 0.9999 | 	 Recall : 0.8793
Test Loss : 0.0032	 | 	 Accuracy : 0.9996 | 	 AUC : 1.0000 | 	 Precision : 1.0000 | 	 Recall : 0.9993

Epoch : 16
Train Loss : 0.0896	 | 	 Accuracy : 0.9367 | 	 AUC : 0.9923 | 	 Precision : 0.9989 | 	 Recall : 0.8734
Test Loss : 0.0106	 | 	 Accuracy : 0.9991 | 	 AUC : 1.0000 | 	 Precision : 1.0000 | 	 Recall : 0.9984

Epoch : 17
Train Loss : 0.0872	 | 	 Accuracy : 0.9396 | 	 AUC : 0.9922 | 	 Precision : 0.9999 | 	 Recall : 0.8791
Test Loss : 0.0005	 | 	 Accuracy : 0.9996 | 	 AUC : 1.0000 | 	 Precision : 1.0000 | 	 Recall : 0.9993

Epoch : 18
Train Loss : 0.0870	 | 	 Accuracy : 0.9397 | 	 AUC : 0.9927 | 	 Precision : 0.9995 | 	 Recall : 0.8799
Test Loss : 0.0002	 | 	 Accuracy : 1.0000 | 	 AUC : 1.0000 | 	 Precision : 1.0000 | 	 Recall : 1.0000

Epoch : 19
Train Loss : 0.0869	 | 	 Accuracy : 0.9374 | 	 AUC : 0.9924 | 	 Precision : 0.9999 | 	 Recall : 0.8750
Test Loss : 0.0050	 | 	 Accuracy : 0.9988 | 	 AUC : 1.0000 | 	 Precision : 1.0000 | 	 Recall : 0.9974

Epoch : 20
Train Loss : 0.0879	 | 	 Accuracy : 0.9365 | 	 AUC : 0.9922 | 	 Precision : 0.9998 | 	 Recall : 0.8736
Test Loss : 0.0022	 | 	 Accuracy : 0.9995 | 	 AUC : 1.0000 | 	 Precision : 1.0000 | 	 Recall : 0.9989

################## Training and Testing is Done! #########################
runing time is : 0:02:35.895868
