=============================================
Dataset: DGCR8
Method:  CRBPSA
=============================================
Data loaded ...
Training and Testing started ....

Epoch : 1
Train Loss : 0.1135	 | 	 Accuracy : 0.9296 | 	 AUC : 0.9884 | 	 Precision : 0.9920 | 	 Recall : 0.8688
Test Loss : 0.0049	 | 	 Accuracy : 0.9990 | 	 AUC : 1.0000 | 	 Precision : 1.0000 | 	 Recall : 0.9981

Epoch : 2
Train Loss : 0.0963	 | 	 Accuracy : 0.9343 | 	 AUC : 0.9916 | 	 Precision : 0.9976 | 	 Recall : 0.8711
Test Loss : 0.0070	 | 	 Accuracy : 0.9991 | 	 AUC : 0.9999 | 	 Precision : 1.0000 | 	 Recall : 0.9982

Epoch : 3
Train Loss : 0.0897	 | 	 Accuracy : 0.9393 | 	 AUC : 0.9924 | 	 Precision : 0.9991 | 	 Recall : 0.8796
Test Loss : 0.0066	 | 	 Accuracy : 0.9991 | 	 AUC : 0.9999 | 	 Precision : 0.9988 | 	 Recall : 0.9995

Epoch : 4
Train Loss : 0.0915	 | 	 Accuracy : 0.9385 | 	 AUC : 0.9924 | 	 Precision : 0.9989 | 	 Recall : 0.8785
Test Loss : 0.0092	 | 	 Accuracy : 0.9990 | 	 AUC : 0.9999 | 	 Precision : 1.0000 | 	 Recall : 0.9980

Epoch : 5
Train Loss : 0.0916	 | 	 Accuracy : 0.9365 | 	 AUC : 0.9920 | 	 Precision : 0.9993 | 	 Recall : 0.8746
Test Loss : 0.0045	 | 	 Accuracy : 0.9992 | 	 AUC : 1.0000 | 	 Precision : 1.0000 | 	 Recall : 0.9985

Epoch : 6
Train Loss : 0.0899	 | 	 Accuracy : 0.9356 | 	 AUC : 0.9920 | 	 Precision : 0.9992 | 	 Recall : 0.8723
Test Loss : 0.0043	 | 	 Accuracy : 0.9994 | 	 AUC : 0.9999 | 	 Precision : 1.0000 | 	 Recall : 0.9987

Epoch : 7
Train Loss : 0.0860	 | 	 Accuracy : 0.9387 | 	 AUC : 0.9925 | 	 Precision : 0.9996 | 	 Recall : 0.8781
Test Loss : 0.0034	 | 	 Accuracy : 0.9994 | 	 AUC : 0.9999 | 	 Precision : 1.0000 | 	 Recall : 0.9986

Epoch : 8
Train Loss : 0.0917	 | 	 Accuracy : 0.9377 | 	 AUC : 0.9923 | 	 Precision : 0.9985 | 	 Recall : 0.8772
Test Loss : 0.0021	 | 	 Accuracy : 0.9998 | 	 AUC : 1.0000 | 	 Precision : 1.0000 | 	 Recall : 0.9995

Epoch : 9
Train Loss : 0.0859	 | 	 Accuracy : 0.9387 | 	 AUC : 0.9926 | 	 Precision : 0.9995 | 	 Recall : 0.8781
Test Loss : 0.0117	 | 	 Accuracy : 0.9991 | 	 AUC : 0.9999 | 	 Precision : 1.0000 | 	 Recall : 0.9983

Epoch : 10
Train Loss : 0.0884	 | 	 Accuracy : 0.9391 | 	 AUC : 0.9924 | 	 Precision : 0.9988 | 	 Recall : 0.8796
Test Loss : 0.0027	 | 	 Accuracy : 0.9995 | 	 AUC : 1.0000 | 	 Precision : 1.0000 | 	 Recall : 0.9989

Epoch : 11
Train Loss : 0.0876	 | 	 Accuracy : 0.9385 | 	 AUC : 0.9924 | 	 Precision : 0.9993 | 	 Recall : 0.8782
Test Loss : 0.0046	 | 	 Accuracy : 0.9996 | 	 AUC : 1.0000 | 	 Precision : 1.0000 | 	 Recall : 0.9993

Epoch : 12
Train Loss : 0.0951	 | 	 Accuracy : 0.9380 | 	 AUC : 0.9918 | 	 Precision : 0.9987 | 	 Recall : 0.8770
Test Loss : 0.0016	 | 	 Accuracy : 0.9995 | 	 AUC : 1.0000 | 	 Precision : 1.0000 | 	 Recall : 0.9990

Epoch : 13
Train Loss : 0.0878	 | 	 Accuracy : 0.9387 | 	 AUC : 0.9926 | 	 Precision : 0.9992 | 	 Recall : 0.8779
Test Loss : 0.0014	 | 	 Accuracy : 0.9996 | 	 AUC : 1.0000 | 	 Precision : 1.0000 | 	 Recall : 0.9992

Epoch : 14
Train Loss : 0.0909	 | 	 Accuracy : 0.9367 | 	 AUC : 0.9920 | 	 Precision : 0.9990 | 	 Recall : 0.8746
Test Loss : 0.0023	 | 	 Accuracy : 0.9992 | 	 AUC : 1.0000 | 	 Precision : 1.0000 | 	 Recall : 0.9985

Epoch : 15
Train Loss : 0.0877	 | 	 Accuracy : 0.9403 | 	 AUC : 0.9926 | 	 Precision : 0.9994 | 	 Recall : 0.8808
Test Loss : 0.0018	 | 	 Accuracy : 0.9998 | 	 AUC : 1.0000 | 	 Precision : 1.0000 | 	 Recall : 0.9994

Epoch : 16
Train Loss : 0.0890	 | 	 Accuracy : 0.9377 | 	 AUC : 0.9922 | 	 Precision : 0.9992 | 	 Recall : 0.8759
Test Loss : 0.0029	 | 	 Accuracy : 0.9992 | 	 AUC : 1.0000 | 	 Precision : 0.9995 | 	 Recall : 0.9990

Epoch : 17
Train Loss : 0.0923	 | 	 Accuracy : 0.9354 | 	 AUC : 0.9916 | 	 Precision : 0.9989 | 	 Recall : 0.8723
Test Loss : 0.0077	 | 	 Accuracy : 0.9990 | 	 AUC : 1.0000 | 	 Precision : 1.0000 | 	 Recall : 0.9980

Epoch : 18
Train Loss : 0.0892	 | 	 Accuracy : 0.9390 | 	 AUC : 0.9925 | 	 Precision : 0.9983 | 	 Recall : 0.8795
Test Loss : 0.0064	 | 	 Accuracy : 0.9995 | 	 AUC : 1.0000 | 	 Precision : 1.0000 | 	 Recall : 0.9990

Epoch : 19
Train Loss : 0.0932	 | 	 Accuracy : 0.9358 | 	 AUC : 0.9924 | 	 Precision : 0.9989 | 	 Recall : 0.8728
Test Loss : 0.0041	 | 	 Accuracy : 0.9991 | 	 AUC : 1.0000 | 	 Precision : 1.0000 | 	 Recall : 0.9982

Epoch : 20
Train Loss : 0.0905	 | 	 Accuracy : 0.9363 | 	 AUC : 0.9920 | 	 Precision : 0.9992 | 	 Recall : 0.8733
Test Loss : 0.0033	 | 	 Accuracy : 0.9995 | 	 AUC : 1.0000 | 	 Precision : 1.0000 | 	 Recall : 0.9990

################## Training and Testing is Done! #########################
runing time is : 0:03:39.840471
