=============================================
Dataset: AGO1
Method:  CRBPSA
=============================================
Data loaded ...
Training and Testing started ....

Epoch : 1
Train Loss : 0.1138	 | 	 Accuracy : 0.9311 | 	 AUC : 0.9881 | 	 Precision : 0.9912 | 	 Recall : 0.8728
Test Loss : 0.0037	 | 	 Accuracy : 0.9997 | 	 AUC : 1.0000 | 	 Precision : 1.0000 | 	 Recall : 0.9994

Epoch : 2
Train Loss : 0.0963	 | 	 Accuracy : 0.9357 | 	 AUC : 0.9916 | 	 Precision : 0.9987 | 	 Recall : 0.8722
Test Loss : 0.0057	 | 	 Accuracy : 0.9990 | 	 AUC : 1.0000 | 	 Precision : 0.9988 | 	 Recall : 0.9992

Epoch : 3
Train Loss : 0.0872	 | 	 Accuracy : 0.9388 | 	 AUC : 0.9928 | 	 Precision : 0.9989 | 	 Recall : 0.8788
Test Loss : 0.0114	 | 	 Accuracy : 0.9955 | 	 AUC : 1.0000 | 	 Precision : 1.0000 | 	 Recall : 0.9912

Epoch : 4
Train Loss : 0.0894	 | 	 Accuracy : 0.9386 | 	 AUC : 0.9923 | 	 Precision : 0.9991 | 	 Recall : 0.8783
Test Loss : 0.0071	 | 	 Accuracy : 0.9991 | 	 AUC : 1.0000 | 	 Precision : 1.0000 | 	 Recall : 0.9983

Epoch : 5
Train Loss : 0.0890	 | 	 Accuracy : 0.9384 | 	 AUC : 0.9924 | 	 Precision : 0.9986 | 	 Recall : 0.8777
Test Loss : 0.0064	 | 	 Accuracy : 0.9996 | 	 AUC : 1.0000 | 	 Precision : 1.0000 | 	 Recall : 0.9991

Epoch : 6
Train Loss : 0.0899	 | 	 Accuracy : 0.9374 | 	 AUC : 0.9922 | 	 Precision : 0.9988 | 	 Recall : 0.8762
Test Loss : 0.0115	 | 	 Accuracy : 0.9993 | 	 AUC : 0.9999 | 	 Precision : 0.9997 | 	 Recall : 0.9988

Epoch : 7
Train Loss : 0.0922	 | 	 Accuracy : 0.9349 | 	 AUC : 0.9917 | 	 Precision : 0.9991 | 	 Recall : 0.8702
Test Loss : 0.0053	 | 	 Accuracy : 0.9993 | 	 AUC : 0.9999 | 	 Precision : 0.9996 | 	 Recall : 0.9989

Epoch : 8
Train Loss : 0.0850	 | 	 Accuracy : 0.9405 | 	 AUC : 0.9924 | 	 Precision : 0.9997 | 	 Recall : 0.8808
Test Loss : 0.0045	 | 	 Accuracy : 0.9996 | 	 AUC : 0.9999 | 	 Precision : 1.0000 | 	 Recall : 0.9992

Epoch : 9
Train Loss : 0.0878	 | 	 Accuracy : 0.9402 | 	 AUC : 0.9928 | 	 Precision : 0.9992 | 	 Recall : 0.8816
Test Loss : 0.0042	 | 	 Accuracy : 0.9987 | 	 AUC : 0.9999 | 	 Precision : 1.0000 | 	 Recall : 0.9974

Epoch : 10
Train Loss : 0.0878	 | 	 Accuracy : 0.9393 | 	 AUC : 0.9922 | 	 Precision : 0.9995 | 	 Recall : 0.8788
Test Loss : 0.0047	 | 	 Accuracy : 0.9997 | 	 AUC : 1.0000 | 	 Precision : 1.0000 | 	 Recall : 0.9994

Epoch : 11
Train Loss : 0.0895	 | 	 Accuracy : 0.9392 | 	 AUC : 0.9924 | 	 Precision : 0.9989 | 	 Recall : 0.8787
Test Loss : 0.0041	 | 	 Accuracy : 0.9997 | 	 AUC : 0.9999 | 	 Precision : 1.0000 | 	 Recall : 0.9994

Epoch : 12
Train Loss : 0.0861	 | 	 Accuracy : 0.9388 | 	 AUC : 0.9924 | 	 Precision : 0.9996 | 	 Recall : 0.8776
Test Loss : 0.0068	 | 	 Accuracy : 0.9990 | 	 AUC : 0.9999 | 	 Precision : 1.0000 | 	 Recall : 0.9978

Epoch : 13
Train Loss : 0.0874	 | 	 Accuracy : 0.9375 | 	 AUC : 0.9925 | 	 Precision : 0.9997 | 	 Recall : 0.8749
Test Loss : 0.0075	 | 	 Accuracy : 0.9984 | 	 AUC : 1.0000 | 	 Precision : 0.9974 | 	 Recall : 0.9994

Epoch : 14
Train Loss : 0.0887	 | 	 Accuracy : 0.9362 | 	 AUC : 0.9921 | 	 Precision : 0.9993 | 	 Recall : 0.8731
Test Loss : 0.0045	 | 	 Accuracy : 0.9994 | 	 AUC : 1.0000 | 	 Precision : 1.0000 | 	 Recall : 0.9990

Epoch : 15
Train Loss : 0.0865	 | 	 Accuracy : 0.9399 | 	 AUC : 0.9926 | 	 Precision : 0.9998 | 	 Recall : 0.8800
Test Loss : 0.0105	 | 	 Accuracy : 0.9990 | 	 AUC : 1.0000 | 	 Precision : 0.9995 | 	 Recall : 0.9986

Epoch : 16
Train Loss : 0.0887	 | 	 Accuracy : 0.9371 | 	 AUC : 0.9922 | 	 Precision : 0.9994 | 	 Recall : 0.8743
Test Loss : 0.0032	 | 	 Accuracy : 0.9994 | 	 AUC : 1.0000 | 	 Precision : 0.9995 | 	 Recall : 0.9994

Epoch : 17
Train Loss : 0.0892	 | 	 Accuracy : 0.9380 | 	 AUC : 0.9924 | 	 Precision : 0.9986 | 	 Recall : 0.8775
Test Loss : 0.0061	 | 	 Accuracy : 0.9991 | 	 AUC : 1.0000 | 	 Precision : 1.0000 | 	 Recall : 0.9982

Epoch : 18
Train Loss : 0.0868	 | 	 Accuracy : 0.9384 | 	 AUC : 0.9927 | 	 Precision : 0.9993 | 	 Recall : 0.8772
Test Loss : 0.0038	 | 	 Accuracy : 0.9994 | 	 AUC : 1.0000 | 	 Precision : 1.0000 | 	 Recall : 0.9989

Epoch : 19
Train Loss : 0.0896	 | 	 Accuracy : 0.9371 | 	 AUC : 0.9922 | 	 Precision : 0.9996 | 	 Recall : 0.8750
Test Loss : 0.0039	 | 	 Accuracy : 0.9996 | 	 AUC : 1.0000 | 	 Precision : 1.0000 | 	 Recall : 0.9991

Epoch : 20
Train Loss : 0.0900	 | 	 Accuracy : 0.9380 | 	 AUC : 0.9923 | 	 Precision : 0.9992 | 	 Recall : 0.8767
Test Loss : 0.0010	 | 	 Accuracy : 0.9999 | 	 AUC : 1.0000 | 	 Precision : 1.0000 | 	 Recall : 0.9997

################## Training and Testing is Done! #########################
runing time is : 0:03:13.746112
