=============================================
Dataset: CAPRIN1
Method:  CRBPSA
=============================================
Data loaded ...
Training and Testing started ....

Epoch : 1
Train Loss : 0.1373	 | 	 Accuracy : 0.9181 | 	 AUC : 0.9829 | 	 Precision : 0.9841 | 	 Recall : 0.8534
Test Loss : 0.0018	 | 	 Accuracy : 1.0000 | 	 AUC : 1.0000 | 	 Precision : 1.0000 | 	 Recall : 1.0000

Epoch : 2
Train Loss : 0.1023	 | 	 Accuracy : 0.9374 | 	 AUC : 0.9913 | 	 Precision : 0.9978 | 	 Recall : 0.8756
Test Loss : 0.0035	 | 	 Accuracy : 0.9995 | 	 AUC : 1.0000 | 	 Precision : 1.0000 | 	 Recall : 0.9991

Epoch : 3
Train Loss : 0.0982	 | 	 Accuracy : 0.9350 | 	 AUC : 0.9909 | 	 Precision : 0.9969 | 	 Recall : 0.8723
Test Loss : 0.0037	 | 	 Accuracy : 0.9991 | 	 AUC : 1.0000 | 	 Precision : 0.9990 | 	 Recall : 0.9990

Epoch : 4
Train Loss : 0.1098	 | 	 Accuracy : 0.9326 | 	 AUC : 0.9908 | 	 Precision : 0.9949 | 	 Recall : 0.8698
Test Loss : 0.0142	 | 	 Accuracy : 0.9976 | 	 AUC : 1.0000 | 	 Precision : 1.0000 | 	 Recall : 0.9954

Epoch : 5
Train Loss : 0.1007	 | 	 Accuracy : 0.9357 | 	 AUC : 0.9913 | 	 Precision : 0.9975 | 	 Recall : 0.8737
Test Loss : 0.0061	 | 	 Accuracy : 0.9991 | 	 AUC : 0.9999 | 	 Precision : 1.0000 | 	 Recall : 0.9983

Epoch : 6
Train Loss : 0.0915	 | 	 Accuracy : 0.9380 | 	 AUC : 0.9917 | 	 Precision : 0.9997 | 	 Recall : 0.8751
Test Loss : 0.0119	 | 	 Accuracy : 0.9976 | 	 AUC : 1.0000 | 	 Precision : 0.9991 | 	 Recall : 0.9963

Epoch : 7
Train Loss : 0.0882	 | 	 Accuracy : 0.9390 | 	 AUC : 0.9918 | 	 Precision : 1.0000 | 	 Recall : 0.8775
Test Loss : 0.0043	 | 	 Accuracy : 0.9991 | 	 AUC : 1.0000 | 	 Precision : 1.0000 | 	 Recall : 0.9983

Epoch : 8
Train Loss : 0.0849	 | 	 Accuracy : 0.9388 | 	 AUC : 0.9927 | 	 Precision : 0.9994 | 	 Recall : 0.8781
Test Loss : 0.0167	 | 	 Accuracy : 0.9953 | 	 AUC : 0.9999 | 	 Precision : 1.0000 | 	 Recall : 0.9906

Epoch : 9
Train Loss : 0.0892	 | 	 Accuracy : 0.9351 | 	 AUC : 0.9922 | 	 Precision : 0.9991 | 	 Recall : 0.8713
Test Loss : 0.0099	 | 	 Accuracy : 0.9991 | 	 AUC : 1.0000 | 	 Precision : 0.9982 | 	 Recall : 1.0000

Epoch : 10
Train Loss : 0.0823	 | 	 Accuracy : 0.9422 | 	 AUC : 0.9933 | 	 Precision : 0.9991 | 	 Recall : 0.8850
Test Loss : 0.0009	 | 	 Accuracy : 1.0000 | 	 AUC : 1.0000 | 	 Precision : 1.0000 | 	 Recall : 1.0000

Epoch : 11
Train Loss : 0.0901	 | 	 Accuracy : 0.9392 | 	 AUC : 0.9920 | 	 Precision : 0.9991 | 	 Recall : 0.8786
Test Loss : 0.0034	 | 	 Accuracy : 0.9995 | 	 AUC : 1.0000 | 	 Precision : 1.0000 | 	 Recall : 0.9991

Epoch : 12
Train Loss : 0.0865	 | 	 Accuracy : 0.9366 | 	 AUC : 0.9924 | 	 Precision : 0.9988 | 	 Recall : 0.8735
Test Loss : 0.0008	 | 	 Accuracy : 1.0000 | 	 AUC : 1.0000 | 	 Precision : 1.0000 | 	 Recall : 1.0000

Epoch : 13
Train Loss : 0.0861	 | 	 Accuracy : 0.9408 | 	 AUC : 0.9926 | 	 Precision : 1.0000 | 	 Recall : 0.8818
Test Loss : 0.0026	 | 	 Accuracy : 0.9991 | 	 AUC : 1.0000 | 	 Precision : 0.9980 | 	 Recall : 1.0000

Epoch : 14
Train Loss : 0.0852	 | 	 Accuracy : 0.9387 | 	 AUC : 0.9927 | 	 Precision : 0.9994 | 	 Recall : 0.8780
Test Loss : 0.0021	 | 	 Accuracy : 0.9995 | 	 AUC : 1.0000 | 	 Precision : 0.9991 | 	 Recall : 1.0000

Epoch : 15
Train Loss : 0.0870	 | 	 Accuracy : 0.9381 | 	 AUC : 0.9927 | 	 Precision : 0.9991 | 	 Recall : 0.8777
Test Loss : 0.0046	 | 	 Accuracy : 0.9991 | 	 AUC : 1.0000 | 	 Precision : 0.9988 | 	 Recall : 0.9991

Epoch : 16
Train Loss : 0.0865	 | 	 Accuracy : 0.9362 | 	 AUC : 0.9922 | 	 Precision : 1.0000 | 	 Recall : 0.8735
Test Loss : 0.0019	 | 	 Accuracy : 0.9991 | 	 AUC : 1.0000 | 	 Precision : 1.0000 | 	 Recall : 0.9983

Epoch : 17
Train Loss : 0.0878	 | 	 Accuracy : 0.9349 | 	 AUC : 0.9917 | 	 Precision : 1.0000 | 	 Recall : 0.8702
Test Loss : 0.0010	 | 	 Accuracy : 1.0000 | 	 AUC : 1.0000 | 	 Precision : 1.0000 | 	 Recall : 1.0000

Epoch : 18
Train Loss : 0.0864	 | 	 Accuracy : 0.9401 | 	 AUC : 0.9921 | 	 Precision : 1.0000 | 	 Recall : 0.8810
Test Loss : 0.0124	 | 	 Accuracy : 0.9981 | 	 AUC : 0.9993 | 	 Precision : 0.9966 | 	 Recall : 1.0000

Epoch : 19
Train Loss : 0.0867	 | 	 Accuracy : 0.9397 | 	 AUC : 0.9924 | 	 Precision : 1.0000 | 	 Recall : 0.8784
Test Loss : 0.0055	 | 	 Accuracy : 0.9986 | 	 AUC : 1.0000 | 	 Precision : 0.9992 | 	 Recall : 0.9979

Epoch : 20
Train Loss : 0.0890	 | 	 Accuracy : 0.9409 | 	 AUC : 0.9926 | 	 Precision : 0.9994 | 	 Recall : 0.8829
Test Loss : 0.0208	 | 	 Accuracy : 0.9981 | 	 AUC : 1.0000 | 	 Precision : 1.0000 | 	 Recall : 0.9961

################## Training and Testing is Done! #########################
runing time is : 0:00:58.026961
