=============================================
Dataset: HUR
Method:  CRBPSA
=============================================
Data loaded ...
Training and Testing started ....

Epoch : 1
Train Loss : 0.1104	 | 	 Accuracy : 0.9299 | 	 AUC : 0.9887 | 	 Precision : 0.9935 | 	 Recall : 0.8680
Test Loss : 0.0054	 | 	 Accuracy : 0.9985 | 	 AUC : 0.9999 | 	 Precision : 1.0000 | 	 Recall : 0.9971

Epoch : 2
Train Loss : 0.0989	 | 	 Accuracy : 0.9339 | 	 AUC : 0.9916 | 	 Precision : 0.9979 | 	 Recall : 0.8702
Test Loss : 0.0075	 | 	 Accuracy : 0.9980 | 	 AUC : 0.9999 | 	 Precision : 0.9995 | 	 Recall : 0.9965

Epoch : 3
Train Loss : 0.0914	 | 	 Accuracy : 0.9389 | 	 AUC : 0.9922 | 	 Precision : 0.9986 | 	 Recall : 0.8794
Test Loss : 0.0076	 | 	 Accuracy : 0.9982 | 	 AUC : 0.9998 | 	 Precision : 0.9978 | 	 Recall : 0.9986

Epoch : 4
Train Loss : 0.0941	 | 	 Accuracy : 0.9380 | 	 AUC : 0.9924 | 	 Precision : 0.9985 | 	 Recall : 0.8780
Test Loss : 0.0116	 | 	 Accuracy : 0.9990 | 	 AUC : 0.9998 | 	 Precision : 0.9998 | 	 Recall : 0.9983

Epoch : 5
Train Loss : 0.0941	 | 	 Accuracy : 0.9362 | 	 AUC : 0.9918 | 	 Precision : 0.9987 | 	 Recall : 0.8745
Test Loss : 0.0068	 | 	 Accuracy : 0.9989 | 	 AUC : 0.9999 | 	 Precision : 0.9987 | 	 Recall : 0.9990

Epoch : 6
Train Loss : 0.0910	 | 	 Accuracy : 0.9355 | 	 AUC : 0.9920 | 	 Precision : 0.9991 | 	 Recall : 0.8722
Test Loss : 0.0032	 | 	 Accuracy : 0.9992 | 	 AUC : 1.0000 | 	 Precision : 0.9992 | 	 Recall : 0.9992

Epoch : 7
Train Loss : 0.0903	 | 	 Accuracy : 0.9382 | 	 AUC : 0.9924 | 	 Precision : 0.9991 | 	 Recall : 0.8774
Test Loss : 0.0002	 | 	 Accuracy : 1.0000 | 	 AUC : 1.0000 | 	 Precision : 1.0000 | 	 Recall : 1.0000

Epoch : 8
Train Loss : 0.0883	 | 	 Accuracy : 0.9383 | 	 AUC : 0.9924 | 	 Precision : 0.9995 | 	 Recall : 0.8776
Test Loss : 0.0022	 | 	 Accuracy : 0.9998 | 	 AUC : 1.0000 | 	 Precision : 1.0000 | 	 Recall : 0.9995

Epoch : 9
Train Loss : 0.0863	 | 	 Accuracy : 0.9387 | 	 AUC : 0.9926 | 	 Precision : 0.9997 | 	 Recall : 0.8779
Test Loss : 0.0046	 | 	 Accuracy : 0.9999 | 	 AUC : 1.0000 | 	 Precision : 1.0000 | 	 Recall : 0.9998

Epoch : 10
Train Loss : 0.0895	 | 	 Accuracy : 0.9391 | 	 AUC : 0.9923 | 	 Precision : 0.9986 | 	 Recall : 0.8796
Test Loss : 0.0010	 | 	 Accuracy : 0.9998 | 	 AUC : 1.0000 | 	 Precision : 0.9995 | 	 Recall : 1.0000

Epoch : 11
Train Loss : 0.0899	 | 	 Accuracy : 0.9383 | 	 AUC : 0.9923 | 	 Precision : 0.9992 | 	 Recall : 0.8778
Test Loss : 0.0011	 | 	 Accuracy : 0.9998 | 	 AUC : 1.0000 | 	 Precision : 1.0000 | 	 Recall : 0.9994

Epoch : 12
Train Loss : 0.0896	 | 	 Accuracy : 0.9388 | 	 AUC : 0.9920 | 	 Precision : 0.9996 | 	 Recall : 0.8780
Test Loss : 0.0001	 | 	 Accuracy : 1.0000 | 	 AUC : 1.0000 | 	 Precision : 1.0000 | 	 Recall : 1.0000

Epoch : 13
Train Loss : 0.0905	 | 	 Accuracy : 0.9383 | 	 AUC : 0.9925 | 	 Precision : 0.9989 | 	 Recall : 0.8775
Test Loss : 0.0009	 | 	 Accuracy : 0.9999 | 	 AUC : 1.0000 | 	 Precision : 1.0000 | 	 Recall : 0.9998

Epoch : 14
Train Loss : 0.0917	 | 	 Accuracy : 0.9364 | 	 AUC : 0.9920 | 	 Precision : 0.9988 | 	 Recall : 0.8744
Test Loss : 0.0014	 | 	 Accuracy : 0.9998 | 	 AUC : 1.0000 | 	 Precision : 1.0000 | 	 Recall : 0.9995

Epoch : 15
Train Loss : 0.0895	 | 	 Accuracy : 0.9397 | 	 AUC : 0.9925 | 	 Precision : 0.9983 | 	 Recall : 0.8805
Test Loss : 0.0014	 | 	 Accuracy : 0.9998 | 	 AUC : 1.0000 | 	 Precision : 1.0000 | 	 Recall : 0.9995

Epoch : 16
Train Loss : 0.0911	 | 	 Accuracy : 0.9369 | 	 AUC : 0.9920 | 	 Precision : 0.9979 | 	 Recall : 0.8756
Test Loss : 0.0016	 | 	 Accuracy : 0.9995 | 	 AUC : 1.0000 | 	 Precision : 1.0000 | 	 Recall : 0.9991

Epoch : 17
Train Loss : 0.0912	 | 	 Accuracy : 0.9357 | 	 AUC : 0.9918 | 	 Precision : 0.9995 | 	 Recall : 0.8724
Test Loss : 0.0126	 | 	 Accuracy : 0.9990 | 	 AUC : 1.0000 | 	 Precision : 1.0000 | 	 Recall : 0.9980

Epoch : 18
Train Loss : 0.0887	 | 	 Accuracy : 0.9393 | 	 AUC : 0.9926 | 	 Precision : 0.9986 | 	 Recall : 0.8799
Test Loss : 0.0028	 | 	 Accuracy : 0.9995 | 	 AUC : 1.0000 | 	 Precision : 1.0000 | 	 Recall : 0.9990

Epoch : 19
Train Loss : 0.0864	 | 	 Accuracy : 0.9367 | 	 AUC : 0.9926 | 	 Precision : 0.9997 | 	 Recall : 0.8736
Test Loss : 0.0119	 | 	 Accuracy : 0.9980 | 	 AUC : 1.0000 | 	 Precision : 1.0000 | 	 Recall : 0.9961

Epoch : 20
Train Loss : 0.0921	 | 	 Accuracy : 0.9359 | 	 AUC : 0.9919 | 	 Precision : 0.9985 | 	 Recall : 0.8733
Test Loss : 0.0005	 | 	 Accuracy : 0.9998 | 	 AUC : 1.0000 | 	 Precision : 1.0000 | 	 Recall : 0.9995

################## Training and Testing is Done! #########################
runing time is : 0:03:39.717178
