=============================================
Dataset: QKI
Method:  CRBPSA
=============================================
Data loaded ...
Training and Testing started ....

Epoch : 1
Train Loss : 0.3202	 | 	 Accuracy : 0.8275 | 	 AUC : 0.9100 | 	 Precision : 0.8657 | 	 Recall : 0.7930
Test Loss : 0.0168	 | 	 Accuracy : 0.9948 | 	 AUC : 1.0000 | 	 Precision : 0.9951 | 	 Recall : 0.9949

Epoch : 2
Train Loss : 0.1543	 | 	 Accuracy : 0.9281 | 	 AUC : 0.9892 | 	 Precision : 0.9975 | 	 Recall : 0.8608
Test Loss : 0.0767	 | 	 Accuracy : 0.9766 | 	 AUC : 0.9985 | 	 Precision : 1.0000 | 	 Recall : 0.9517

Epoch : 3
Train Loss : 0.1532	 | 	 Accuracy : 0.9044 | 	 AUC : 0.9855 | 	 Precision : 0.9750 | 	 Recall : 0.8348
Test Loss : 0.0870	 | 	 Accuracy : 0.9844 | 	 AUC : 0.9940 | 	 Precision : 0.9803 | 	 Recall : 0.9882

Epoch : 4
Train Loss : 0.1264	 | 	 Accuracy : 0.9200 | 	 AUC : 0.9886 | 	 Precision : 0.9867 | 	 Recall : 0.8562
Test Loss : 0.0445	 | 	 Accuracy : 0.9870 | 	 AUC : 0.9992 | 	 Precision : 0.9957 | 	 Recall : 0.9757

Epoch : 5
Train Loss : 0.0831	 | 	 Accuracy : 0.9425 | 	 AUC : 0.9938 | 	 Precision : 0.9989 | 	 Recall : 0.8873
Test Loss : 0.0992	 | 	 Accuracy : 0.9870 | 	 AUC : 0.9957 | 	 Precision : 0.9943 | 	 Recall : 0.9779

Epoch : 6
Train Loss : 0.1006	 | 	 Accuracy : 0.9300 | 	 AUC : 0.9916 | 	 Precision : 0.9909 | 	 Recall : 0.8709
Test Loss : 0.0238	 | 	 Accuracy : 0.9922 | 	 AUC : 0.9998 | 	 Precision : 1.0000 | 	 Recall : 0.9818

Epoch : 7
Train Loss : 0.1080	 | 	 Accuracy : 0.9287 | 	 AUC : 0.9908 | 	 Precision : 0.9954 | 	 Recall : 0.8633
Test Loss : 0.1019	 | 	 Accuracy : 0.9844 | 	 AUC : 0.9983 | 	 Precision : 0.9866 | 	 Recall : 0.9775

Epoch : 8
Train Loss : 0.0988	 | 	 Accuracy : 0.9350 | 	 AUC : 0.9911 | 	 Precision : 0.9985 | 	 Recall : 0.8722
Test Loss : 0.0475	 | 	 Accuracy : 0.9922 | 	 AUC : 0.9991 | 	 Precision : 0.9931 | 	 Recall : 0.9873

Epoch : 9
Train Loss : 0.1029	 | 	 Accuracy : 0.9313 | 	 AUC : 0.9913 | 	 Precision : 0.9968 | 	 Recall : 0.8644
Test Loss : 0.0126	 | 	 Accuracy : 0.9974 | 	 AUC : 1.0000 | 	 Precision : 1.0000 | 	 Recall : 0.9924

Epoch : 10
Train Loss : 0.0950	 | 	 Accuracy : 0.9287 | 	 AUC : 0.9911 | 	 Precision : 0.9988 | 	 Recall : 0.8603
Test Loss : 0.0695	 | 	 Accuracy : 0.9818 | 	 AUC : 0.9986 | 	 Precision : 0.9721 | 	 Recall : 0.9861

Epoch : 11
Train Loss : 0.0930	 | 	 Accuracy : 0.9450 | 	 AUC : 0.9925 | 	 Precision : 0.9975 | 	 Recall : 0.8928
Test Loss : 0.0130	 | 	 Accuracy : 0.9974 | 	 AUC : 0.9998 | 	 Precision : 1.0000 | 	 Recall : 0.9944

Epoch : 12
Train Loss : 0.1028	 | 	 Accuracy : 0.9263 | 	 AUC : 0.9895 | 	 Precision : 0.9935 | 	 Recall : 0.8587
Test Loss : 0.1821	 | 	 Accuracy : 0.9948 | 	 AUC : 0.9956 | 	 Precision : 0.9944 | 	 Recall : 0.9948

Epoch : 13
Train Loss : 0.1395	 | 	 Accuracy : 0.9306 | 	 AUC : 0.9891 | 	 Precision : 0.9906 | 	 Recall : 0.8731
Test Loss : 0.0240	 | 	 Accuracy : 0.9896 | 	 AUC : 1.0000 | 	 Precision : 0.9797 | 	 Recall : 1.0000

Epoch : 14
Train Loss : 0.1723	 | 	 Accuracy : 0.9200 | 	 AUC : 0.9853 | 	 Precision : 0.9788 | 	 Recall : 0.8630
Test Loss : 0.1181	 | 	 Accuracy : 0.9688 | 	 AUC : 0.9995 | 	 Precision : 0.9399 | 	 Recall : 1.0000

Epoch : 15
Train Loss : 0.1145	 | 	 Accuracy : 0.9344 | 	 AUC : 0.9907 | 	 Precision : 0.9925 | 	 Recall : 0.8785
Test Loss : 0.0202	 | 	 Accuracy : 0.9974 | 	 AUC : 0.9998 | 	 Precision : 1.0000 | 	 Recall : 0.9931

Epoch : 16
Train Loss : 0.0947	 | 	 Accuracy : 0.9325 | 	 AUC : 0.9924 | 	 Precision : 1.0000 | 	 Recall : 0.8662
Test Loss : 0.0100	 | 	 Accuracy : 0.9948 | 	 AUC : 1.0000 | 	 Precision : 0.9883 | 	 Recall : 1.0000

Epoch : 17
Train Loss : 0.0817	 | 	 Accuracy : 0.9369 | 	 AUC : 0.9939 | 	 Precision : 1.0000 | 	 Recall : 0.8760
Test Loss : 0.0003	 | 	 Accuracy : 1.0000 | 	 AUC : 1.0000 | 	 Precision : 1.0000 | 	 Recall : 1.0000

Epoch : 18
Train Loss : 0.0926	 | 	 Accuracy : 0.9250 | 	 AUC : 0.9913 | 	 Precision : 1.0000 | 	 Recall : 0.8528
Test Loss : 0.0003	 | 	 Accuracy : 1.0000 | 	 AUC : 1.0000 | 	 Precision : 1.0000 | 	 Recall : 1.0000

Epoch : 19
Train Loss : 0.0891	 | 	 Accuracy : 0.9394 | 	 AUC : 0.9918 | 	 Precision : 1.0000 | 	 Recall : 0.8806
Test Loss : 0.0096	 | 	 Accuracy : 0.9974 | 	 AUC : 1.0000 | 	 Precision : 0.9921 | 	 Recall : 1.0000

Epoch : 20
Train Loss : 0.0761	 | 	 Accuracy : 0.9463 | 	 AUC : 0.9936 | 	 Precision : 1.0000 | 	 Recall : 0.8949
Test Loss : 0.0102	 | 	 Accuracy : 0.9974 | 	 AUC : 1.0000 | 	 Precision : 0.9940 | 	 Recall : 1.0000

################## Training and Testing is Done! #########################
runing time is : 0:00:10.997521
