=============================================
Dataset: TAF15
Method:  CRBPSA
=============================================
Data loaded ...
Training and Testing started ....

Epoch : 1
Train Loss : 0.2463	 | 	 Accuracy : 0.8424 | 	 AUC : 0.9220 | 	 Precision : 0.9106 | 	 Recall : 0.8169
Test Loss : 0.0012	 | 	 Accuracy : 1.0000 | 	 AUC : 1.0000 | 	 Precision : 1.0000 | 	 Recall : 1.0000

Epoch : 2
Train Loss : 0.0987	 | 	 Accuracy : 0.9379 | 	 AUC : 0.9905 | 	 Precision : 0.9929 | 	 Recall : 0.8801
Test Loss : 0.0023	 | 	 Accuracy : 1.0000 | 	 AUC : 1.0000 | 	 Precision : 1.0000 | 	 Recall : 1.0000

Epoch : 3
Train Loss : 0.0906	 | 	 Accuracy : 0.9392 | 	 AUC : 0.9920 | 	 Precision : 0.9973 | 	 Recall : 0.8804
Test Loss : 0.0025	 | 	 Accuracy : 0.9983 | 	 AUC : 1.0000 | 	 Precision : 1.0000 | 	 Recall : 0.9970

Epoch : 4
Train Loss : 0.0806	 | 	 Accuracy : 0.9410 | 	 AUC : 0.9933 | 	 Precision : 1.0000 | 	 Recall : 0.8833
Test Loss : 0.0012	 | 	 Accuracy : 1.0000 | 	 AUC : 1.0000 | 	 Precision : 1.0000 | 	 Recall : 1.0000

Epoch : 5
Train Loss : 0.1101	 | 	 Accuracy : 0.9353 | 	 AUC : 0.9910 | 	 Precision : 0.9959 | 	 Recall : 0.8731
Test Loss : 0.0006	 | 	 Accuracy : 1.0000 | 	 AUC : 1.0000 | 	 Precision : 1.0000 | 	 Recall : 1.0000

Epoch : 6
Train Loss : 0.1003	 | 	 Accuracy : 0.9423 | 	 AUC : 0.9914 | 	 Precision : 0.9989 | 	 Recall : 0.8859
Test Loss : 0.0132	 | 	 Accuracy : 0.9965 | 	 AUC : 1.0000 | 	 Precision : 0.9967 | 	 Recall : 0.9967

Epoch : 7
Train Loss : 0.1005	 | 	 Accuracy : 0.9327 | 	 AUC : 0.9905 | 	 Precision : 0.9972 | 	 Recall : 0.8673
Test Loss : 0.0202	 | 	 Accuracy : 0.9931 | 	 AUC : 0.9999 | 	 Precision : 0.9968 | 	 Recall : 0.9898

Epoch : 8
Train Loss : 0.0953	 | 	 Accuracy : 0.9353 | 	 AUC : 0.9915 | 	 Precision : 0.9970 | 	 Recall : 0.8732
Test Loss : 0.0022	 | 	 Accuracy : 1.0000 | 	 AUC : 1.0000 | 	 Precision : 1.0000 | 	 Recall : 1.0000

Epoch : 9
Train Loss : 0.1194	 | 	 Accuracy : 0.9327 | 	 AUC : 0.9911 | 	 Precision : 0.9988 | 	 Recall : 0.8664
Test Loss : 0.0093	 | 	 Accuracy : 0.9948 | 	 AUC : 1.0000 | 	 Precision : 0.9913 | 	 Recall : 1.0000

Epoch : 10
Train Loss : 0.0958	 | 	 Accuracy : 0.9349 | 	 AUC : 0.9911 | 	 Precision : 0.9968 | 	 Recall : 0.8702
Test Loss : 0.0006	 | 	 Accuracy : 1.0000 | 	 AUC : 1.0000 | 	 Precision : 1.0000 | 	 Recall : 1.0000

Epoch : 11
Train Loss : 0.0866	 | 	 Accuracy : 0.9418 | 	 AUC : 0.9925 | 	 Precision : 0.9988 | 	 Recall : 0.8843
Test Loss : 0.0047	 | 	 Accuracy : 0.9983 | 	 AUC : 1.0000 | 	 Precision : 0.9965 | 	 Recall : 1.0000

Epoch : 12
Train Loss : 0.0868	 | 	 Accuracy : 0.9397 | 	 AUC : 0.9926 | 	 Precision : 1.0000 | 	 Recall : 0.8806
Test Loss : 0.0001	 | 	 Accuracy : 1.0000 | 	 AUC : 1.0000 | 	 Precision : 1.0000 | 	 Recall : 1.0000

Epoch : 13
Train Loss : 0.0877	 | 	 Accuracy : 0.9358 | 	 AUC : 0.9916 | 	 Precision : 1.0000 | 	 Recall : 0.8719
Test Loss : 0.0002	 | 	 Accuracy : 1.0000 | 	 AUC : 1.0000 | 	 Precision : 1.0000 | 	 Recall : 1.0000

Epoch : 14
Train Loss : 0.0816	 | 	 Accuracy : 0.9397 | 	 AUC : 0.9932 | 	 Precision : 1.0000 | 	 Recall : 0.8784
Test Loss : 0.0002	 | 	 Accuracy : 1.0000 | 	 AUC : 1.0000 | 	 Precision : 1.0000 | 	 Recall : 1.0000

Epoch : 15
Train Loss : 0.0910	 | 	 Accuracy : 0.9366 | 	 AUC : 0.9915 | 	 Precision : 1.0000 | 	 Recall : 0.8728
Test Loss : 0.0032	 | 	 Accuracy : 0.9983 | 	 AUC : 1.0000 | 	 Precision : 0.9965 | 	 Recall : 1.0000

Epoch : 16
Train Loss : 0.0862	 | 	 Accuracy : 0.9436 | 	 AUC : 0.9925 | 	 Precision : 1.0000 | 	 Recall : 0.8882
Test Loss : 0.0002	 | 	 Accuracy : 1.0000 | 	 AUC : 1.0000 | 	 Precision : 1.0000 | 	 Recall : 1.0000

Epoch : 17
Train Loss : 0.0923	 | 	 Accuracy : 0.9358 | 	 AUC : 0.9911 | 	 Precision : 1.0000 | 	 Recall : 0.8706
Test Loss : 0.0009	 | 	 Accuracy : 1.0000 | 	 AUC : 1.0000 | 	 Precision : 1.0000 | 	 Recall : 1.0000

Epoch : 18
Train Loss : 0.0975	 | 	 Accuracy : 0.9379 | 	 AUC : 0.9920 | 	 Precision : 0.9977 | 	 Recall : 0.8776
Test Loss : 0.0003	 | 	 Accuracy : 1.0000 | 	 AUC : 1.0000 | 	 Precision : 1.0000 | 	 Recall : 1.0000

Epoch : 19
Train Loss : 0.0907	 | 	 Accuracy : 0.9401 | 	 AUC : 0.9917 | 	 Precision : 0.9963 | 	 Recall : 0.8850
Test Loss : 0.0000	 | 	 Accuracy : 1.0000 | 	 AUC : 1.0000 | 	 Precision : 1.0000 | 	 Recall : 1.0000

Epoch : 20
Train Loss : 0.0856	 | 	 Accuracy : 0.9423 | 	 AUC : 0.9930 | 	 Precision : 1.0000 | 	 Recall : 0.8832
Test Loss : 0.0660	 | 	 Accuracy : 0.9878 | 	 AUC : 0.9982 | 	 Precision : 0.9758 | 	 Recall : 1.0000

################## Training and Testing is Done! #########################
runing time is : 0:00:15.859170
