=============================================
Dataset: U2AF65
Method:  CRBPSA
=============================================
Data loaded ...
Training and Testing started ....

Epoch : 1
Train Loss : 0.1638	 | 	 Accuracy : 0.9202 | 	 AUC : 0.9815 | 	 Precision : 0.9856 | 	 Recall : 0.8589
Test Loss : 0.0150	 | 	 Accuracy : 0.9945 | 	 AUC : 0.9998 | 	 Precision : 1.0000 | 	 Recall : 0.9893

Epoch : 2
Train Loss : 0.1322	 | 	 Accuracy : 0.9308 | 	 AUC : 0.9898 | 	 Precision : 0.9950 | 	 Recall : 0.8658
Test Loss : 0.0161	 | 	 Accuracy : 0.9966 | 	 AUC : 0.9999 | 	 Precision : 0.9964 | 	 Recall : 0.9969

Epoch : 3
Train Loss : 0.1166	 | 	 Accuracy : 0.9342 | 	 AUC : 0.9903 | 	 Precision : 0.9972 | 	 Recall : 0.8707
Test Loss : 0.0135	 | 	 Accuracy : 0.9972 | 	 AUC : 0.9999 | 	 Precision : 0.9960 | 	 Recall : 0.9989

Epoch : 4
Train Loss : 0.1124	 | 	 Accuracy : 0.9339 | 	 AUC : 0.9904 | 	 Precision : 0.9985 | 	 Recall : 0.8694
Test Loss : 0.0048	 | 	 Accuracy : 0.9994 | 	 AUC : 0.9999 | 	 Precision : 1.0000 | 	 Recall : 0.9990

Epoch : 5
Train Loss : 0.1022	 | 	 Accuracy : 0.9369 | 	 AUC : 0.9916 | 	 Precision : 0.9991 | 	 Recall : 0.8742
Test Loss : 0.0146	 | 	 Accuracy : 0.9963 | 	 AUC : 0.9996 | 	 Precision : 0.9981 | 	 Recall : 0.9948

Epoch : 6
Train Loss : 0.1042	 | 	 Accuracy : 0.9343 | 	 AUC : 0.9915 | 	 Precision : 0.9980 | 	 Recall : 0.8698
Test Loss : 0.0179	 | 	 Accuracy : 0.9994 | 	 AUC : 1.0000 | 	 Precision : 0.9988 | 	 Recall : 1.0000

Epoch : 7
Train Loss : 0.0942	 | 	 Accuracy : 0.9389 | 	 AUC : 0.9922 | 	 Precision : 0.9984 | 	 Recall : 0.8801
Test Loss : 0.0044	 | 	 Accuracy : 0.9982 | 	 AUC : 1.0000 | 	 Precision : 1.0000 | 	 Recall : 0.9965

Epoch : 8
Train Loss : 0.0945	 | 	 Accuracy : 0.9350 | 	 AUC : 0.9922 | 	 Precision : 0.9972 | 	 Recall : 0.8725
Test Loss : 0.0039	 | 	 Accuracy : 0.9982 | 	 AUC : 1.0000 | 	 Precision : 1.0000 | 	 Recall : 0.9959

Epoch : 9
Train Loss : 0.1011	 | 	 Accuracy : 0.9348 | 	 AUC : 0.9918 | 	 Precision : 0.9991 | 	 Recall : 0.8689
Test Loss : 0.0055	 | 	 Accuracy : 0.9994 | 	 AUC : 1.0000 | 	 Precision : 0.9988 | 	 Recall : 1.0000

Epoch : 10
Train Loss : 0.0894	 | 	 Accuracy : 0.9361 | 	 AUC : 0.9922 | 	 Precision : 0.9993 | 	 Recall : 0.8727
Test Loss : 0.0064	 | 	 Accuracy : 0.9988 | 	 AUC : 1.0000 | 	 Precision : 1.0000 | 	 Recall : 0.9976

Epoch : 11
Train Loss : 0.1021	 | 	 Accuracy : 0.9358 | 	 AUC : 0.9917 | 	 Precision : 0.9995 | 	 Recall : 0.8724
Test Loss : 0.0022	 | 	 Accuracy : 0.9991 | 	 AUC : 1.0000 | 	 Precision : 1.0000 | 	 Recall : 0.9983

Epoch : 12
Train Loss : 0.1039	 | 	 Accuracy : 0.9364 | 	 AUC : 0.9915 | 	 Precision : 0.9973 | 	 Recall : 0.8752
Test Loss : 0.0062	 | 	 Accuracy : 0.9985 | 	 AUC : 1.0000 | 	 Precision : 0.9983 | 	 Recall : 0.9987

Epoch : 13
Train Loss : 0.0932	 | 	 Accuracy : 0.9387 | 	 AUC : 0.9925 | 	 Precision : 0.9998 | 	 Recall : 0.8775
Test Loss : 0.0061	 | 	 Accuracy : 0.9985 | 	 AUC : 1.0000 | 	 Precision : 0.9984 | 	 Recall : 0.9988

Epoch : 14
Train Loss : 0.0994	 | 	 Accuracy : 0.9351 | 	 AUC : 0.9913 | 	 Precision : 0.9985 | 	 Recall : 0.8704
Test Loss : 0.0023	 | 	 Accuracy : 0.9994 | 	 AUC : 1.0000 | 	 Precision : 1.0000 | 	 Recall : 0.9986

Epoch : 15
Train Loss : 0.0915	 | 	 Accuracy : 0.9380 | 	 AUC : 0.9920 | 	 Precision : 0.9998 | 	 Recall : 0.8761
Test Loss : 0.0129	 | 	 Accuracy : 0.9991 | 	 AUC : 0.9999 | 	 Precision : 1.0000 | 	 Recall : 0.9981

Epoch : 16
Train Loss : 0.0928	 | 	 Accuracy : 0.9355 | 	 AUC : 0.9920 | 	 Precision : 0.9997 | 	 Recall : 0.8709
Test Loss : 0.0009	 | 	 Accuracy : 0.9997 | 	 AUC : 1.0000 | 	 Precision : 1.0000 | 	 Recall : 0.9994

Epoch : 17
Train Loss : 0.0917	 | 	 Accuracy : 0.9397 | 	 AUC : 0.9924 | 	 Precision : 0.9990 | 	 Recall : 0.8789
Test Loss : 0.0059	 | 	 Accuracy : 0.9979 | 	 AUC : 0.9999 | 	 Precision : 0.9983 | 	 Recall : 0.9977

Epoch : 18
Train Loss : 0.0905	 | 	 Accuracy : 0.9425 | 	 AUC : 0.9927 | 	 Precision : 0.9996 | 	 Recall : 0.8855
Test Loss : 0.0016	 | 	 Accuracy : 0.9997 | 	 AUC : 1.0000 | 	 Precision : 1.0000 | 	 Recall : 0.9993

Epoch : 19
Train Loss : 0.0877	 | 	 Accuracy : 0.9407 | 	 AUC : 0.9924 | 	 Precision : 0.9995 | 	 Recall : 0.8811
Test Loss : 0.0040	 | 	 Accuracy : 0.9991 | 	 AUC : 1.0000 | 	 Precision : 0.9981 | 	 Recall : 1.0000

Epoch : 20
Train Loss : 0.1051	 | 	 Accuracy : 0.9335 | 	 AUC : 0.9910 | 	 Precision : 0.9967 | 	 Recall : 0.8693
Test Loss : 0.0008	 | 	 Accuracy : 0.9997 | 	 AUC : 1.0000 | 	 Precision : 0.9994 | 	 Recall : 1.0000

################## Training and Testing is Done! #########################
runing time is : 0:01:30.327428
