=============================================
Dataset: FMRP
Method:  CRBPSA
=============================================
Data loaded ...
Training and Testing started ....

Epoch : 1
Train Loss : 0.1262	 | 	 Accuracy : 0.9292 | 	 AUC : 0.9880 | 	 Precision : 0.9907 | 	 Recall : 0.8697
Test Loss : 0.0064	 | 	 Accuracy : 0.9984 | 	 AUC : 1.0000 | 	 Precision : 0.9977 | 	 Recall : 0.9988

Epoch : 2
Train Loss : 0.0956	 | 	 Accuracy : 0.9347 | 	 AUC : 0.9918 | 	 Precision : 0.9982 | 	 Recall : 0.8715
Test Loss : 0.0022	 | 	 Accuracy : 0.9990 | 	 AUC : 1.0000 | 	 Precision : 1.0000 | 	 Recall : 0.9978

Epoch : 3
Train Loss : 0.0894	 | 	 Accuracy : 0.9395 | 	 AUC : 0.9924 | 	 Precision : 0.9992 | 	 Recall : 0.8800
Test Loss : 0.0035	 | 	 Accuracy : 0.9992 | 	 AUC : 1.0000 | 	 Precision : 1.0000 | 	 Recall : 0.9986

Epoch : 4
Train Loss : 0.0914	 | 	 Accuracy : 0.9383 | 	 AUC : 0.9924 | 	 Precision : 0.9988 | 	 Recall : 0.8782
Test Loss : 0.0041	 | 	 Accuracy : 0.9991 | 	 AUC : 1.0000 | 	 Precision : 0.9998 | 	 Recall : 0.9987

Epoch : 5
Train Loss : 0.0900	 | 	 Accuracy : 0.9368 | 	 AUC : 0.9921 | 	 Precision : 0.9994 | 	 Recall : 0.8750
Test Loss : 0.0012	 | 	 Accuracy : 0.9998 | 	 AUC : 1.0000 | 	 Precision : 1.0000 | 	 Recall : 0.9995

Epoch : 6
Train Loss : 0.0908	 | 	 Accuracy : 0.9355 | 	 AUC : 0.9920 | 	 Precision : 0.9991 | 	 Recall : 0.8722
Test Loss : 0.0003	 | 	 Accuracy : 0.9999 | 	 AUC : 1.0000 | 	 Precision : 1.0000 | 	 Recall : 0.9997

Epoch : 7
Train Loss : 0.0894	 | 	 Accuracy : 0.9381 | 	 AUC : 0.9923 | 	 Precision : 0.9984 | 	 Recall : 0.8778
Test Loss : 0.0034	 | 	 Accuracy : 0.9991 | 	 AUC : 1.0000 | 	 Precision : 0.9995 | 	 Recall : 0.9988

Epoch : 8
Train Loss : 0.0879	 | 	 Accuracy : 0.9383 | 	 AUC : 0.9924 | 	 Precision : 0.9996 | 	 Recall : 0.8776
Test Loss : 0.0005	 | 	 Accuracy : 0.9998 | 	 AUC : 1.0000 | 	 Precision : 1.0000 | 	 Recall : 0.9995

Epoch : 9
Train Loss : 0.0870	 | 	 Accuracy : 0.9385 | 	 AUC : 0.9926 | 	 Precision : 0.9992 | 	 Recall : 0.8780
Test Loss : 0.0025	 | 	 Accuracy : 0.9994 | 	 AUC : 1.0000 | 	 Precision : 1.0000 | 	 Recall : 0.9987

Epoch : 10
Train Loss : 0.0856	 | 	 Accuracy : 0.9397 | 	 AUC : 0.9925 | 	 Precision : 0.9997 | 	 Recall : 0.8801
Test Loss : 0.0006	 | 	 Accuracy : 0.9996 | 	 AUC : 1.0000 | 	 Precision : 1.0000 | 	 Recall : 0.9992

Epoch : 11
Train Loss : 0.0892	 | 	 Accuracy : 0.9382 | 	 AUC : 0.9923 | 	 Precision : 0.9989 | 	 Recall : 0.8780
Test Loss : 0.0003	 | 	 Accuracy : 0.9999 | 	 AUC : 1.0000 | 	 Precision : 1.0000 | 	 Recall : 0.9998

Epoch : 12
Train Loss : 0.0895	 | 	 Accuracy : 0.9386 | 	 AUC : 0.9920 | 	 Precision : 0.9994 | 	 Recall : 0.8779
Test Loss : 0.0004	 | 	 Accuracy : 0.9999 | 	 AUC : 1.0000 | 	 Precision : 0.9997 | 	 Recall : 1.0000

Epoch : 13
Train Loss : 0.0873	 | 	 Accuracy : 0.9386 | 	 AUC : 0.9925 | 	 Precision : 0.9993 | 	 Recall : 0.8776
Test Loss : 0.0003	 | 	 Accuracy : 1.0000 | 	 AUC : 1.0000 | 	 Precision : 1.0000 | 	 Recall : 1.0000

Epoch : 14
Train Loss : 0.0876	 | 	 Accuracy : 0.9373 | 	 AUC : 0.9922 | 	 Precision : 0.9997 | 	 Recall : 0.8753
Test Loss : 0.0040	 | 	 Accuracy : 0.9992 | 	 AUC : 1.0000 | 	 Precision : 1.0000 | 	 Recall : 0.9985

Epoch : 15
Train Loss : 0.0882	 | 	 Accuracy : 0.9403 | 	 AUC : 0.9926 | 	 Precision : 0.9991 | 	 Recall : 0.8811
Test Loss : 0.0007	 | 	 Accuracy : 0.9998 | 	 AUC : 1.0000 | 	 Precision : 1.0000 | 	 Recall : 0.9995

Epoch : 16
Train Loss : 0.0873	 | 	 Accuracy : 0.9382 | 	 AUC : 0.9923 | 	 Precision : 0.9998 | 	 Recall : 0.8763
Test Loss : 0.0000	 | 	 Accuracy : 1.0000 | 	 AUC : 1.0000 | 	 Precision : 1.0000 | 	 Recall : 1.0000

Epoch : 17
Train Loss : 0.0917	 | 	 Accuracy : 0.9356 | 	 AUC : 0.9918 | 	 Precision : 0.9990 | 	 Recall : 0.8726
Test Loss : 0.0006	 | 	 Accuracy : 0.9999 | 	 AUC : 1.0000 | 	 Precision : 1.0000 | 	 Recall : 0.9998

Epoch : 18
Train Loss : 0.0862	 | 	 Accuracy : 0.9396 | 	 AUC : 0.9926 | 	 Precision : 0.9987 | 	 Recall : 0.8803
Test Loss : 0.0009	 | 	 Accuracy : 0.9999 | 	 AUC : 1.0000 | 	 Precision : 1.0000 | 	 Recall : 0.9998

Epoch : 19
Train Loss : 0.0867	 | 	 Accuracy : 0.9366 | 	 AUC : 0.9925 | 	 Precision : 0.9995 | 	 Recall : 0.8736
Test Loss : 0.0002	 | 	 Accuracy : 1.0000 | 	 AUC : 1.0000 | 	 Precision : 1.0000 | 	 Recall : 1.0000

Epoch : 20
Train Loss : 0.0904	 | 	 Accuracy : 0.9361 | 	 AUC : 0.9920 | 	 Precision : 0.9986 | 	 Recall : 0.8734
Test Loss : 0.0185	 | 	 Accuracy : 0.9992 | 	 AUC : 1.0000 | 	 Precision : 1.0000 | 	 Recall : 0.9985

################## Training and Testing is Done! #########################
runing time is : 0:03:02.847828
