=============================================
Dataset: TIAL1
Method:  CRBPSA
=============================================
Data loaded ...
Training and Testing started ....

Epoch : 1
Train Loss : 0.1353	 | 	 Accuracy : 0.9196 | 	 AUC : 0.9823 | 	 Precision : 0.9841 | 	 Recall : 0.8601
Test Loss : 0.0233	 | 	 Accuracy : 0.9940 | 	 AUC : 0.9997 | 	 Precision : 0.9992 | 	 Recall : 0.9884

Epoch : 2
Train Loss : 0.1308	 | 	 Accuracy : 0.9297 | 	 AUC : 0.9895 | 	 Precision : 0.9953 | 	 Recall : 0.8627
Test Loss : 0.0083	 | 	 Accuracy : 0.9995 | 	 AUC : 1.0000 | 	 Precision : 1.0000 | 	 Recall : 0.9991

Epoch : 3
Train Loss : 0.1106	 | 	 Accuracy : 0.9336 | 	 AUC : 0.9912 | 	 Precision : 0.9986 | 	 Recall : 0.8678
Test Loss : 0.0006	 | 	 Accuracy : 1.0000 | 	 AUC : 1.0000 | 	 Precision : 1.0000 | 	 Recall : 1.0000

Epoch : 4
Train Loss : 0.0972	 | 	 Accuracy : 0.9408 | 	 AUC : 0.9919 | 	 Precision : 0.9994 | 	 Recall : 0.8825
Test Loss : 0.0294	 | 	 Accuracy : 0.9977 | 	 AUC : 0.9991 | 	 Precision : 0.9956 | 	 Recall : 1.0000

Epoch : 5
Train Loss : 0.1023	 | 	 Accuracy : 0.9355 | 	 AUC : 0.9918 | 	 Precision : 0.9980 | 	 Recall : 0.8728
Test Loss : 0.0061	 | 	 Accuracy : 0.9986 | 	 AUC : 1.0000 | 	 Precision : 1.0000 | 	 Recall : 0.9971

Epoch : 6
Train Loss : 0.1035	 | 	 Accuracy : 0.9341 | 	 AUC : 0.9907 | 	 Precision : 0.9971 | 	 Recall : 0.8701
Test Loss : 0.0006	 | 	 Accuracy : 1.0000 | 	 AUC : 1.0000 | 	 Precision : 1.0000 | 	 Recall : 1.0000

Epoch : 7
Train Loss : 0.0953	 | 	 Accuracy : 0.9373 | 	 AUC : 0.9919 | 	 Precision : 0.9991 | 	 Recall : 0.8751
Test Loss : 0.0008	 | 	 Accuracy : 1.0000 | 	 AUC : 1.0000 | 	 Precision : 1.0000 | 	 Recall : 1.0000

Epoch : 8
Train Loss : 0.0918	 | 	 Accuracy : 0.9366 | 	 AUC : 0.9926 | 	 Precision : 0.9994 | 	 Recall : 0.8738
Test Loss : 0.0003	 | 	 Accuracy : 1.0000 | 	 AUC : 1.0000 | 	 Precision : 1.0000 | 	 Recall : 1.0000

Epoch : 9
Train Loss : 0.1077	 | 	 Accuracy : 0.9372 | 	 AUC : 0.9918 | 	 Precision : 0.9974 | 	 Recall : 0.8762
Test Loss : 0.0128	 | 	 Accuracy : 0.9945 | 	 AUC : 1.0000 | 	 Precision : 0.9894 | 	 Recall : 1.0000

Epoch : 10
Train Loss : 0.0887	 | 	 Accuracy : 0.9384 | 	 AUC : 0.9927 | 	 Precision : 0.9981 | 	 Recall : 0.8787
Test Loss : 0.0001	 | 	 Accuracy : 1.0000 | 	 AUC : 1.0000 | 	 Precision : 1.0000 | 	 Recall : 1.0000

Epoch : 11
Train Loss : 0.0991	 | 	 Accuracy : 0.9381 | 	 AUC : 0.9921 | 	 Precision : 0.9997 | 	 Recall : 0.8767
Test Loss : 0.0050	 | 	 Accuracy : 0.9995 | 	 AUC : 1.0000 | 	 Precision : 0.9991 | 	 Recall : 1.0000

Epoch : 12
Train Loss : 0.0887	 | 	 Accuracy : 0.9404 | 	 AUC : 0.9926 | 	 Precision : 0.9987 | 	 Recall : 0.8814
Test Loss : 0.0001	 | 	 Accuracy : 1.0000 | 	 AUC : 1.0000 | 	 Precision : 1.0000 | 	 Recall : 1.0000

Epoch : 13
Train Loss : 0.0914	 | 	 Accuracy : 0.9403 | 	 AUC : 0.9922 | 	 Precision : 1.0000 | 	 Recall : 0.8806
Test Loss : 0.0000	 | 	 Accuracy : 1.0000 | 	 AUC : 1.0000 | 	 Precision : 1.0000 | 	 Recall : 1.0000

Epoch : 14
Train Loss : 0.0894	 | 	 Accuracy : 0.9389 | 	 AUC : 0.9926 | 	 Precision : 0.9989 | 	 Recall : 0.8776
Test Loss : 0.0003	 | 	 Accuracy : 1.0000 | 	 AUC : 1.0000 | 	 Precision : 1.0000 | 	 Recall : 1.0000

Epoch : 15
Train Loss : 0.0880	 | 	 Accuracy : 0.9370 | 	 AUC : 0.9923 | 	 Precision : 0.9997 | 	 Recall : 0.8731
Test Loss : 0.0002	 | 	 Accuracy : 1.0000 | 	 AUC : 1.0000 | 	 Precision : 1.0000 | 	 Recall : 1.0000

Epoch : 16
Train Loss : 0.0881	 | 	 Accuracy : 0.9400 | 	 AUC : 0.9921 | 	 Precision : 1.0000 | 	 Recall : 0.8798
Test Loss : 0.0024	 | 	 Accuracy : 0.9991 | 	 AUC : 1.0000 | 	 Precision : 0.9979 | 	 Recall : 1.0000

Epoch : 17
Train Loss : 0.0850	 | 	 Accuracy : 0.9386 | 	 AUC : 0.9922 | 	 Precision : 0.9998 | 	 Recall : 0.8781
Test Loss : 0.0022	 | 	 Accuracy : 0.9995 | 	 AUC : 1.0000 | 	 Precision : 0.9992 | 	 Recall : 1.0000

Epoch : 18
Train Loss : 0.0901	 | 	 Accuracy : 0.9365 | 	 AUC : 0.9919 | 	 Precision : 1.0000 | 	 Recall : 0.8721
Test Loss : 0.0000	 | 	 Accuracy : 1.0000 | 	 AUC : 1.0000 | 	 Precision : 1.0000 | 	 Recall : 1.0000

Epoch : 19
Train Loss : 0.0931	 | 	 Accuracy : 0.9345 | 	 AUC : 0.9925 | 	 Precision : 0.9985 | 	 Recall : 0.8703
Test Loss : 0.0011	 | 	 Accuracy : 0.9995 | 	 AUC : 1.0000 | 	 Precision : 1.0000 | 	 Recall : 0.9992

Epoch : 20
Train Loss : 0.0896	 | 	 Accuracy : 0.9411 | 	 AUC : 0.9923 | 	 Precision : 0.9990 | 	 Recall : 0.8835
Test Loss : 0.0012	 | 	 Accuracy : 0.9995 | 	 AUC : 1.0000 | 	 Precision : 1.0000 | 	 Recall : 0.9992

################## Training and Testing is Done! #########################
runing time is : 0:00:59.939667
