=============================================
Dataset: TNRC6
Method:  CRBPSA
=============================================
Data loaded ...
Training and Testing started ....

Epoch : 1
Train Loss : 0.3235	 | 	 Accuracy : 0.8397 | 	 AUC : 0.9326 | 	 Precision : 0.8913 | 	 Recall : 0.7812
Test Loss : 0.0562	 | 	 Accuracy : 0.9870 | 	 AUC : 0.9998 | 	 Precision : 1.0000 | 	 Recall : 0.9732

Epoch : 2
Train Loss : 0.1042	 | 	 Accuracy : 0.9294 | 	 AUC : 0.9900 | 	 Precision : 0.9949 | 	 Recall : 0.8651
Test Loss : 0.0654	 | 	 Accuracy : 0.9818 | 	 AUC : 0.9995 | 	 Precision : 1.0000 | 	 Recall : 0.9630

Epoch : 3
Train Loss : 0.1086	 | 	 Accuracy : 0.9346 | 	 AUC : 0.9899 | 	 Precision : 0.9964 | 	 Recall : 0.8746
Test Loss : 0.0438	 | 	 Accuracy : 0.9896 | 	 AUC : 1.0000 | 	 Precision : 1.0000 | 	 Recall : 0.9790

Epoch : 4
Train Loss : 0.1137	 | 	 Accuracy : 0.9398 | 	 AUC : 0.9904 | 	 Precision : 0.9960 | 	 Recall : 0.8857
Test Loss : 0.0333	 | 	 Accuracy : 0.9922 | 	 AUC : 0.9998 | 	 Precision : 1.0000 | 	 Recall : 0.9840

Epoch : 5
Train Loss : 0.1458	 | 	 Accuracy : 0.9155 | 	 AUC : 0.9888 | 	 Precision : 0.9797 | 	 Recall : 0.8502
Test Loss : 0.0559	 | 	 Accuracy : 0.9870 | 	 AUC : 0.9998 | 	 Precision : 1.0000 | 	 Recall : 0.9717

Epoch : 6
Train Loss : 0.0946	 | 	 Accuracy : 0.9392 | 	 AUC : 0.9919 | 	 Precision : 0.9971 | 	 Recall : 0.8834
Test Loss : 0.0185	 | 	 Accuracy : 0.9948 | 	 AUC : 1.0000 | 	 Precision : 1.0000 | 	 Recall : 0.9892

Epoch : 7
Train Loss : 0.1114	 | 	 Accuracy : 0.9271 | 	 AUC : 0.9901 | 	 Precision : 0.9935 | 	 Recall : 0.8621
Test Loss : 0.0252	 | 	 Accuracy : 0.9870 | 	 AUC : 0.9998 | 	 Precision : 1.0000 | 	 Recall : 0.9754

Epoch : 8
Train Loss : 0.0999	 | 	 Accuracy : 0.9352 | 	 AUC : 0.9915 | 	 Precision : 0.9972 | 	 Recall : 0.8724
Test Loss : 0.0425	 | 	 Accuracy : 0.9948 | 	 AUC : 0.9998 | 	 Precision : 1.0000 | 	 Recall : 0.9899

Epoch : 9
Train Loss : 0.1147	 | 	 Accuracy : 0.9265 | 	 AUC : 0.9897 | 	 Precision : 0.9892 | 	 Recall : 0.8637
Test Loss : 0.0280	 | 	 Accuracy : 0.9844 | 	 AUC : 1.0000 | 	 Precision : 1.0000 | 	 Recall : 0.9708

Epoch : 10
Train Loss : 0.0893	 | 	 Accuracy : 0.9358 | 	 AUC : 0.9922 | 	 Precision : 0.9990 | 	 Recall : 0.8744
Test Loss : 0.0083	 | 	 Accuracy : 0.9922 | 	 AUC : 1.0000 | 	 Precision : 1.0000 | 	 Recall : 0.9849

Epoch : 11
Train Loss : 0.0922	 | 	 Accuracy : 0.9329 | 	 AUC : 0.9917 | 	 Precision : 1.0000 | 	 Recall : 0.8679
Test Loss : 0.0112	 | 	 Accuracy : 0.9948 | 	 AUC : 1.0000 | 	 Precision : 1.0000 | 	 Recall : 0.9893

Epoch : 12
Train Loss : 0.0883	 | 	 Accuracy : 0.9381 | 	 AUC : 0.9923 | 	 Precision : 1.0000 | 	 Recall : 0.8762
Test Loss : 0.0141	 | 	 Accuracy : 0.9948 | 	 AUC : 1.0000 | 	 Precision : 1.0000 | 	 Recall : 0.9883

Epoch : 13
Train Loss : 0.0955	 | 	 Accuracy : 0.9317 | 	 AUC : 0.9913 | 	 Precision : 1.0000 | 	 Recall : 0.8681
Test Loss : 0.0166	 | 	 Accuracy : 0.9922 | 	 AUC : 1.0000 | 	 Precision : 0.9940 | 	 Recall : 0.9902

Epoch : 14
Train Loss : 0.0853	 | 	 Accuracy : 0.9416 | 	 AUC : 0.9926 | 	 Precision : 1.0000 | 	 Recall : 0.8839
Test Loss : 0.0162	 | 	 Accuracy : 0.9948 | 	 AUC : 0.9998 | 	 Precision : 1.0000 | 	 Recall : 0.9883

Epoch : 15
Train Loss : 1.2954	 | 	 Accuracy : 0.9213 | 	 AUC : 0.9739 | 	 Precision : 0.9796 | 	 Recall : 0.8811
Test Loss : 0.0025	 | 	 Accuracy : 1.0000 | 	 AUC : 1.0000 | 	 Precision : 1.0000 | 	 Recall : 1.0000

Epoch : 16
Train Loss : 0.1556	 | 	 Accuracy : 0.9155 | 	 AUC : 0.9853 | 	 Precision : 0.9626 | 	 Recall : 0.8681
Test Loss : 0.1635	 | 	 Accuracy : 0.9583 | 	 AUC : 0.9937 | 	 Precision : 0.9292 | 	 Recall : 0.9867

Epoch : 17
Train Loss : 0.2094	 | 	 Accuracy : 0.9062 | 	 AUC : 0.9787 | 	 Precision : 0.9440 | 	 Recall : 0.8690
Test Loss : 0.0764	 | 	 Accuracy : 0.9740 | 	 AUC : 0.9992 | 	 Precision : 1.0000 | 	 Recall : 0.9461

Epoch : 18
Train Loss : 0.1067	 | 	 Accuracy : 0.9323 | 	 AUC : 0.9905 | 	 Precision : 0.9867 | 	 Recall : 0.8758
Test Loss : 0.0300	 | 	 Accuracy : 0.9896 | 	 AUC : 0.9998 | 	 Precision : 1.0000 | 	 Recall : 0.9772

Epoch : 19
Train Loss : 0.0853	 | 	 Accuracy : 0.9381 | 	 AUC : 0.9933 | 	 Precision : 1.0000 | 	 Recall : 0.8778
Test Loss : 0.0279	 | 	 Accuracy : 0.9922 | 	 AUC : 1.0000 | 	 Precision : 1.0000 | 	 Recall : 0.9835

Epoch : 20
Train Loss : 0.1022	 | 	 Accuracy : 0.9253 | 	 AUC : 0.9899 | 	 Precision : 0.9960 | 	 Recall : 0.8538
Test Loss : 0.0714	 | 	 Accuracy : 0.9766 | 	 AUC : 0.9997 | 	 Precision : 1.0000 | 	 Recall : 0.9546

################## Training and Testing is Done! #########################
runing time is : 0:00:11.806491
