=============================================
Dataset: IGF2BP2
Method:  CRBPSA
=============================================
Data loaded ...
Training and Testing started ....

Epoch : 1
Train Loss : 0.1302	 | 	 Accuracy : 0.9247 | 	 AUC : 0.9856 | 	 Precision : 0.9838 | 	 Recall : 0.8691
Test Loss : 0.0202	 | 	 Accuracy : 0.9955 | 	 AUC : 0.9993 | 	 Precision : 0.9934 | 	 Recall : 0.9975

Epoch : 2
Train Loss : 0.0930	 | 	 Accuracy : 0.9377 | 	 AUC : 0.9918 | 	 Precision : 0.9984 | 	 Recall : 0.8782
Test Loss : 0.0166	 | 	 Accuracy : 0.9995 | 	 AUC : 0.9996 | 	 Precision : 1.0000 | 	 Recall : 0.9990

Epoch : 3
Train Loss : 0.0954	 | 	 Accuracy : 0.9354 | 	 AUC : 0.9917 | 	 Precision : 0.9975 | 	 Recall : 0.8731
Test Loss : 0.0243	 | 	 Accuracy : 0.9990 | 	 AUC : 0.9996 | 	 Precision : 1.0000 | 	 Recall : 0.9979

Epoch : 4
Train Loss : 0.0969	 | 	 Accuracy : 0.9353 | 	 AUC : 0.9914 | 	 Precision : 0.9949 | 	 Recall : 0.8759
Test Loss : 0.0179	 | 	 Accuracy : 0.9990 | 	 AUC : 0.9996 | 	 Precision : 1.0000 | 	 Recall : 0.9981

Epoch : 5
Train Loss : 0.0875	 | 	 Accuracy : 0.9389 | 	 AUC : 0.9926 | 	 Precision : 0.9990 | 	 Recall : 0.8783
Test Loss : 0.0174	 | 	 Accuracy : 0.9990 | 	 AUC : 0.9997 | 	 Precision : 0.9994 | 	 Recall : 0.9985

Epoch : 6
Train Loss : 0.0909	 | 	 Accuracy : 0.9403 | 	 AUC : 0.9923 | 	 Precision : 0.9976 | 	 Recall : 0.8826
Test Loss : 0.0162	 | 	 Accuracy : 0.9995 | 	 AUC : 0.9996 | 	 Precision : 1.0000 | 	 Recall : 0.9990

Epoch : 7
Train Loss : 0.0943	 | 	 Accuracy : 0.9383 | 	 AUC : 0.9921 | 	 Precision : 0.9991 | 	 Recall : 0.8775
Test Loss : 0.0136	 | 	 Accuracy : 0.9990 | 	 AUC : 0.9995 | 	 Precision : 0.9989 | 	 Recall : 0.9990

Epoch : 8
Train Loss : 0.0874	 | 	 Accuracy : 0.9387 | 	 AUC : 0.9928 | 	 Precision : 0.9992 | 	 Recall : 0.8783
Test Loss : 0.0142	 | 	 Accuracy : 0.9992 | 	 AUC : 0.9994 | 	 Precision : 1.0000 | 	 Recall : 0.9985

Epoch : 9
Train Loss : 0.0905	 | 	 Accuracy : 0.9371 | 	 AUC : 0.9919 | 	 Precision : 0.9992 | 	 Recall : 0.8755
Test Loss : 0.0259	 | 	 Accuracy : 0.9980 | 	 AUC : 0.9993 | 	 Precision : 1.0000 | 	 Recall : 0.9959

Epoch : 10
Train Loss : 0.0907	 | 	 Accuracy : 0.9381 | 	 AUC : 0.9923 | 	 Precision : 0.9997 | 	 Recall : 0.8770
Test Loss : 0.0241	 | 	 Accuracy : 0.9992 | 	 AUC : 0.9998 | 	 Precision : 0.9994 | 	 Recall : 0.9990

Epoch : 11
Train Loss : 0.0910	 | 	 Accuracy : 0.9381 | 	 AUC : 0.9922 | 	 Precision : 0.9990 | 	 Recall : 0.8772
Test Loss : 0.0101	 | 	 Accuracy : 0.9985 | 	 AUC : 0.9995 | 	 Precision : 1.0000 | 	 Recall : 0.9969

Epoch : 12
Train Loss : 0.0926	 | 	 Accuracy : 0.9339 | 	 AUC : 0.9914 | 	 Precision : 0.9986 | 	 Recall : 0.8689
Test Loss : 0.0176	 | 	 Accuracy : 0.9992 | 	 AUC : 0.9997 | 	 Precision : 0.9994 | 	 Recall : 0.9990

Epoch : 13
Train Loss : 0.0926	 | 	 Accuracy : 0.9369 | 	 AUC : 0.9921 | 	 Precision : 0.9989 | 	 Recall : 0.8752
Test Loss : 0.0083	 | 	 Accuracy : 0.9995 | 	 AUC : 0.9998 | 	 Precision : 1.0000 | 	 Recall : 0.9990

Epoch : 14
Train Loss : 0.0835	 | 	 Accuracy : 0.9397 | 	 AUC : 0.9928 | 	 Precision : 0.9998 | 	 Recall : 0.8795
Test Loss : 0.0126	 | 	 Accuracy : 0.9992 | 	 AUC : 0.9997 | 	 Precision : 0.9994 | 	 Recall : 0.9991

Epoch : 15
Train Loss : 0.0883	 | 	 Accuracy : 0.9402 | 	 AUC : 0.9925 | 	 Precision : 0.9990 | 	 Recall : 0.8817
Test Loss : 0.0107	 | 	 Accuracy : 0.9995 | 	 AUC : 0.9996 | 	 Precision : 1.0000 | 	 Recall : 0.9989

Epoch : 16
Train Loss : 0.0895	 | 	 Accuracy : 0.9387 | 	 AUC : 0.9919 | 	 Precision : 0.9990 | 	 Recall : 0.8781
Test Loss : 0.0079	 | 	 Accuracy : 0.9985 | 	 AUC : 0.9998 | 	 Precision : 0.9981 | 	 Recall : 0.9990

Epoch : 17
Train Loss : 0.0839	 | 	 Accuracy : 0.9415 | 	 AUC : 0.9927 | 	 Precision : 0.9998 | 	 Recall : 0.8829
Test Loss : 0.0079	 | 	 Accuracy : 0.9995 | 	 AUC : 0.9997 | 	 Precision : 1.0000 | 	 Recall : 0.9987

Epoch : 18
Train Loss : 0.0927	 | 	 Accuracy : 0.9393 | 	 AUC : 0.9923 | 	 Precision : 0.9982 | 	 Recall : 0.8811
Test Loss : 0.0076	 | 	 Accuracy : 0.9995 | 	 AUC : 0.9996 | 	 Precision : 1.0000 | 	 Recall : 0.9990

Epoch : 19
Train Loss : 0.0846	 | 	 Accuracy : 0.9401 | 	 AUC : 0.9926 | 	 Precision : 1.0000 | 	 Recall : 0.8805
Test Loss : 0.0117	 | 	 Accuracy : 0.9995 | 	 AUC : 0.9997 | 	 Precision : 1.0000 | 	 Recall : 0.9990

Epoch : 20
Train Loss : 0.0845	 | 	 Accuracy : 0.9379 | 	 AUC : 0.9927 | 	 Precision : 0.9998 | 	 Recall : 0.8764
Test Loss : 0.0191	 | 	 Accuracy : 0.9992 | 	 AUC : 0.9997 | 	 Precision : 1.0000 | 	 Recall : 0.9985

################## Training and Testing is Done! #########################
runing time is : 0:01:50.187102
