=============================================
Dataset: AGO2
Method:  CRBPSA
=============================================
Data loaded ...
Training and Testing started ....

Epoch : 1
Train Loss : 0.1250	 | 	 Accuracy : 0.9283 | 	 AUC : 0.9875 | 	 Precision : 0.9912 | 	 Recall : 0.8667
Test Loss : 0.0052	 | 	 Accuracy : 0.9990 | 	 AUC : 1.0000 | 	 Precision : 1.0000 | 	 Recall : 0.9980

Epoch : 2
Train Loss : 0.1055	 | 	 Accuracy : 0.9340 | 	 AUC : 0.9914 | 	 Precision : 0.9978 | 	 Recall : 0.8705
Test Loss : 0.0070	 | 	 Accuracy : 0.9986 | 	 AUC : 0.9998 | 	 Precision : 0.9991 | 	 Recall : 0.9983

Epoch : 3
Train Loss : 0.0970	 | 	 Accuracy : 0.9389 | 	 AUC : 0.9921 | 	 Precision : 0.9988 | 	 Recall : 0.8792
Test Loss : 0.0024	 | 	 Accuracy : 0.9995 | 	 AUC : 1.0000 | 	 Precision : 0.9992 | 	 Recall : 0.9998

Epoch : 4
Train Loss : 0.0928	 | 	 Accuracy : 0.9384 | 	 AUC : 0.9923 | 	 Precision : 0.9988 | 	 Recall : 0.8784
Test Loss : 0.0011	 | 	 Accuracy : 0.9996 | 	 AUC : 1.0000 | 	 Precision : 0.9997 | 	 Recall : 0.9995

Epoch : 5
Train Loss : 0.0970	 | 	 Accuracy : 0.9363 | 	 AUC : 0.9918 | 	 Precision : 0.9992 | 	 Recall : 0.8743
Test Loss : 0.0011	 | 	 Accuracy : 0.9995 | 	 AUC : 1.0000 | 	 Precision : 1.0000 | 	 Recall : 0.9990

Epoch : 6
Train Loss : 0.0943	 | 	 Accuracy : 0.9355 | 	 AUC : 0.9919 | 	 Precision : 0.9996 | 	 Recall : 0.8718
Test Loss : 0.0009	 | 	 Accuracy : 0.9996 | 	 AUC : 1.0000 | 	 Precision : 1.0000 | 	 Recall : 0.9993

Epoch : 7
Train Loss : 0.0887	 | 	 Accuracy : 0.9384 | 	 AUC : 0.9924 | 	 Precision : 0.9994 | 	 Recall : 0.8776
Test Loss : 0.0005	 | 	 Accuracy : 0.9999 | 	 AUC : 1.0000 | 	 Precision : 1.0000 | 	 Recall : 0.9998

Epoch : 8
Train Loss : 0.0940	 | 	 Accuracy : 0.9370 | 	 AUC : 0.9919 | 	 Precision : 0.9984 | 	 Recall : 0.8764
Test Loss : 0.0018	 | 	 Accuracy : 0.9998 | 	 AUC : 1.0000 | 	 Precision : 1.0000 | 	 Recall : 0.9996

Epoch : 9
Train Loss : 0.0884	 | 	 Accuracy : 0.9384 | 	 AUC : 0.9925 | 	 Precision : 0.9993 | 	 Recall : 0.8778
Test Loss : 0.0096	 | 	 Accuracy : 0.9991 | 	 AUC : 1.0000 | 	 Precision : 1.0000 | 	 Recall : 0.9982

Epoch : 10
Train Loss : 0.0942	 | 	 Accuracy : 0.9391 | 	 AUC : 0.9922 | 	 Precision : 0.9990 | 	 Recall : 0.8793
Test Loss : 0.0005	 | 	 Accuracy : 0.9998 | 	 AUC : 1.0000 | 	 Precision : 1.0000 | 	 Recall : 0.9995

Epoch : 11
Train Loss : 0.0889	 | 	 Accuracy : 0.9383 | 	 AUC : 0.9923 | 	 Precision : 0.9994 | 	 Recall : 0.8777
Test Loss : 0.0014	 | 	 Accuracy : 0.9998 | 	 AUC : 1.0000 | 	 Precision : 0.9998 | 	 Recall : 0.9998

Epoch : 12
Train Loss : 0.0904	 | 	 Accuracy : 0.9386 | 	 AUC : 0.9919 | 	 Precision : 0.9994 | 	 Recall : 0.8778
Test Loss : 0.0011	 | 	 Accuracy : 0.9998 | 	 AUC : 1.0000 | 	 Precision : 1.0000 | 	 Recall : 0.9995

Epoch : 13
Train Loss : 0.0928	 | 	 Accuracy : 0.9383 | 	 AUC : 0.9924 | 	 Precision : 0.9990 | 	 Recall : 0.8774
Test Loss : 0.0020	 | 	 Accuracy : 0.9996 | 	 AUC : 1.0000 | 	 Precision : 1.0000 | 	 Recall : 0.9993

Epoch : 14
Train Loss : 0.0926	 | 	 Accuracy : 0.9370 | 	 AUC : 0.9920 | 	 Precision : 0.9995 | 	 Recall : 0.8749
Test Loss : 0.0011	 | 	 Accuracy : 0.9996 | 	 AUC : 1.0000 | 	 Precision : 1.0000 | 	 Recall : 0.9992

Epoch : 15
Train Loss : 0.0896	 | 	 Accuracy : 0.9402 | 	 AUC : 0.9925 | 	 Precision : 0.9994 | 	 Recall : 0.8807
Test Loss : 0.0015	 | 	 Accuracy : 0.9996 | 	 AUC : 1.0000 | 	 Precision : 1.0000 | 	 Recall : 0.9993

Epoch : 16
Train Loss : 0.0899	 | 	 Accuracy : 0.9378 | 	 AUC : 0.9922 | 	 Precision : 0.9993 | 	 Recall : 0.8758
Test Loss : 0.0021	 | 	 Accuracy : 0.9994 | 	 AUC : 1.0000 | 	 Precision : 1.0000 | 	 Recall : 0.9987

Epoch : 17
Train Loss : 0.0961	 | 	 Accuracy : 0.9351 | 	 AUC : 0.9914 | 	 Precision : 0.9991 | 	 Recall : 0.8716
Test Loss : 0.0021	 | 	 Accuracy : 0.9998 | 	 AUC : 1.0000 | 	 Precision : 1.0000 | 	 Recall : 0.9995

Epoch : 18
Train Loss : 0.0886	 | 	 Accuracy : 0.9399 | 	 AUC : 0.9926 | 	 Precision : 0.9998 | 	 Recall : 0.8801
Test Loss : 0.0047	 | 	 Accuracy : 0.9998 | 	 AUC : 1.0000 | 	 Precision : 0.9998 | 	 Recall : 0.9998

Epoch : 19
Train Loss : 0.0904	 | 	 Accuracy : 0.9362 | 	 AUC : 0.9923 | 	 Precision : 0.9993 | 	 Recall : 0.8730
Test Loss : 0.0005	 | 	 Accuracy : 0.9999 | 	 AUC : 1.0000 | 	 Precision : 0.9997 | 	 Recall : 1.0000

Epoch : 20
Train Loss : 0.0936	 | 	 Accuracy : 0.9361 | 	 AUC : 0.9919 | 	 Precision : 0.9994 | 	 Recall : 0.8729
Test Loss : 0.0010	 | 	 Accuracy : 0.9999 | 	 AUC : 1.0000 | 	 Precision : 1.0000 | 	 Recall : 0.9998

################## Training and Testing is Done! #########################
runing time is : 0:03:39.814284
