=============================================
Dataset: IGF2BP3
Method:  CRBPSA
=============================================
Data loaded ...
Training and Testing started ....

Epoch : 1
Train Loss : 0.1309	 | 	 Accuracy : 0.9273 | 	 AUC : 0.9867 | 	 Precision : 0.9906 | 	 Recall : 0.8660
Test Loss : 0.0340	 | 	 Accuracy : 0.9929 | 	 AUC : 0.9994 | 	 Precision : 0.9924 | 	 Recall : 0.9932

Epoch : 2
Train Loss : 0.0973	 | 	 Accuracy : 0.9342 | 	 AUC : 0.9915 | 	 Precision : 0.9973 | 	 Recall : 0.8712
Test Loss : 0.0106	 | 	 Accuracy : 0.9985 | 	 AUC : 0.9998 | 	 Precision : 0.9976 | 	 Recall : 0.9995

Epoch : 3
Train Loss : 0.0896	 | 	 Accuracy : 0.9390 | 	 AUC : 0.9923 | 	 Precision : 0.9981 | 	 Recall : 0.8798
Test Loss : 0.0088	 | 	 Accuracy : 0.9991 | 	 AUC : 0.9999 | 	 Precision : 0.9990 | 	 Recall : 0.9992

Epoch : 4
Train Loss : 0.0913	 | 	 Accuracy : 0.9381 | 	 AUC : 0.9923 | 	 Precision : 0.9979 | 	 Recall : 0.8786
Test Loss : 0.0083	 | 	 Accuracy : 0.9996 | 	 AUC : 0.9999 | 	 Precision : 1.0000 | 	 Recall : 0.9993

Epoch : 5
Train Loss : 0.0903	 | 	 Accuracy : 0.9368 | 	 AUC : 0.9920 | 	 Precision : 0.9995 | 	 Recall : 0.8751
Test Loss : 0.0042	 | 	 Accuracy : 0.9999 | 	 AUC : 0.9997 | 	 Precision : 1.0000 | 	 Recall : 0.9997

Epoch : 6
Train Loss : 0.0904	 | 	 Accuracy : 0.9356 | 	 AUC : 0.9920 | 	 Precision : 0.9993 | 	 Recall : 0.8723
Test Loss : 0.0032	 | 	 Accuracy : 0.9996 | 	 AUC : 0.9999 | 	 Precision : 1.0000 | 	 Recall : 0.9992

Epoch : 7
Train Loss : 0.0887	 | 	 Accuracy : 0.9383 | 	 AUC : 0.9924 | 	 Precision : 0.9992 | 	 Recall : 0.8777
Test Loss : 0.0049	 | 	 Accuracy : 0.9999 | 	 AUC : 0.9998 | 	 Precision : 1.0000 | 	 Recall : 0.9998

Epoch : 8
Train Loss : 0.0900	 | 	 Accuracy : 0.9380 | 	 AUC : 0.9923 | 	 Precision : 0.9987 | 	 Recall : 0.8777
Test Loss : 0.0141	 | 	 Accuracy : 0.9994 | 	 AUC : 0.9998 | 	 Precision : 1.0000 | 	 Recall : 0.9988

Epoch : 9
Train Loss : 0.0871	 | 	 Accuracy : 0.9384 | 	 AUC : 0.9926 | 	 Precision : 0.9992 | 	 Recall : 0.8779
Test Loss : 0.0048	 | 	 Accuracy : 0.9999 | 	 AUC : 0.9999 | 	 Precision : 1.0000 | 	 Recall : 0.9997

Epoch : 10
Train Loss : 0.0896	 | 	 Accuracy : 0.9394 | 	 AUC : 0.9924 | 	 Precision : 0.9991 | 	 Recall : 0.8799
Test Loss : 0.0037	 | 	 Accuracy : 0.9998 | 	 AUC : 0.9998 | 	 Precision : 1.0000 | 	 Recall : 0.9996

Epoch : 11
Train Loss : 0.0911	 | 	 Accuracy : 0.9379 | 	 AUC : 0.9922 | 	 Precision : 0.9986 | 	 Recall : 0.8776
Test Loss : 0.0023	 | 	 Accuracy : 0.9999 | 	 AUC : 0.9998 | 	 Precision : 1.0000 | 	 Recall : 0.9998

Epoch : 12
Train Loss : 0.0906	 | 	 Accuracy : 0.9386 | 	 AUC : 0.9920 | 	 Precision : 0.9993 | 	 Recall : 0.8779
Test Loss : 0.0069	 | 	 Accuracy : 0.9995 | 	 AUC : 0.9998 | 	 Precision : 1.0000 | 	 Recall : 0.9989

Epoch : 13
Train Loss : 0.0903	 | 	 Accuracy : 0.9383 | 	 AUC : 0.9925 | 	 Precision : 0.9990 | 	 Recall : 0.8774
Test Loss : 0.0063	 | 	 Accuracy : 0.9990 | 	 AUC : 0.9998 | 	 Precision : 1.0000 | 	 Recall : 0.9980

Epoch : 14
Train Loss : 0.0893	 | 	 Accuracy : 0.9368 | 	 AUC : 0.9921 | 	 Precision : 0.9991 | 	 Recall : 0.8749
Test Loss : 0.0042	 | 	 Accuracy : 0.9995 | 	 AUC : 0.9998 | 	 Precision : 0.9997 | 	 Recall : 0.9992

Epoch : 15
Train Loss : 0.0882	 | 	 Accuracy : 0.9399 | 	 AUC : 0.9926 | 	 Precision : 0.9986 | 	 Recall : 0.8807
Test Loss : 0.0032	 | 	 Accuracy : 0.9999 | 	 AUC : 0.9999 | 	 Precision : 1.0000 | 	 Recall : 0.9998

Epoch : 16
Train Loss : 0.0877	 | 	 Accuracy : 0.9379 | 	 AUC : 0.9923 | 	 Precision : 0.9993 | 	 Recall : 0.8761
Test Loss : 0.0021	 | 	 Accuracy : 0.9999 | 	 AUC : 0.9999 | 	 Precision : 1.0000 | 	 Recall : 0.9998

Epoch : 17
Train Loss : 0.0914	 | 	 Accuracy : 0.9357 | 	 AUC : 0.9918 | 	 Precision : 0.9991 | 	 Recall : 0.8726
Test Loss : 0.0103	 | 	 Accuracy : 0.9994 | 	 AUC : 0.9999 | 	 Precision : 0.9995 | 	 Recall : 0.9992

Epoch : 18
Train Loss : 0.0862	 | 	 Accuracy : 0.9397 | 	 AUC : 0.9927 | 	 Precision : 0.9993 | 	 Recall : 0.8803
Test Loss : 0.0036	 | 	 Accuracy : 0.9996 | 	 AUC : 0.9998 | 	 Precision : 0.9997 | 	 Recall : 0.9993

Epoch : 19
Train Loss : 0.0897	 | 	 Accuracy : 0.9362 | 	 AUC : 0.9925 | 	 Precision : 0.9990 | 	 Recall : 0.8733
Test Loss : 0.0056	 | 	 Accuracy : 0.9994 | 	 AUC : 1.0000 | 	 Precision : 1.0000 | 	 Recall : 0.9988

Epoch : 20
Train Loss : 0.0993	 | 	 Accuracy : 0.9351 | 	 AUC : 0.9916 | 	 Precision : 0.9980 | 	 Recall : 0.8722
Test Loss : 0.0072	 | 	 Accuracy : 0.9998 | 	 AUC : 1.0000 | 	 Precision : 1.0000 | 	 Recall : 0.9995

################## Training and Testing is Done! #########################
runing time is : 0:03:40.465620
