=============================================
Dataset: MOV10
Method:  CRBPSA
=============================================
Data loaded ...
Training and Testing started ....

Epoch : 1
Train Loss : 0.1189	 | 	 Accuracy : 0.9243 | 	 AUC : 0.9835 | 	 Precision : 0.9879 | 	 Recall : 0.8665
Test Loss : 0.0089	 | 	 Accuracy : 0.9974 | 	 AUC : 0.9999 | 	 Precision : 1.0000 | 	 Recall : 0.9948

Epoch : 2
Train Loss : 0.0994	 | 	 Accuracy : 0.9337 | 	 AUC : 0.9914 | 	 Precision : 0.9983 | 	 Recall : 0.8691
Test Loss : 0.0072	 | 	 Accuracy : 0.9983 | 	 AUC : 0.9999 | 	 Precision : 0.9975 | 	 Recall : 0.9991

Epoch : 3
Train Loss : 0.1014	 | 	 Accuracy : 0.9374 | 	 AUC : 0.9910 | 	 Precision : 0.9960 | 	 Recall : 0.8783
Test Loss : 0.0082	 | 	 Accuracy : 0.9996 | 	 AUC : 0.9999 | 	 Precision : 1.0000 | 	 Recall : 0.9993

Epoch : 4
Train Loss : 0.0961	 | 	 Accuracy : 0.9352 | 	 AUC : 0.9919 | 	 Precision : 0.9988 | 	 Recall : 0.8721
Test Loss : 0.0248	 | 	 Accuracy : 0.9991 | 	 AUC : 0.9996 | 	 Precision : 0.9992 | 	 Recall : 0.9991

Epoch : 5
Train Loss : 0.0993	 | 	 Accuracy : 0.9352 | 	 AUC : 0.9919 | 	 Precision : 0.9985 | 	 Recall : 0.8726
Test Loss : 0.0024	 | 	 Accuracy : 0.9996 | 	 AUC : 1.0000 | 	 Precision : 1.0000 | 	 Recall : 0.9990

Epoch : 6
Train Loss : 0.0900	 | 	 Accuracy : 0.9352 | 	 AUC : 0.9915 | 	 Precision : 1.0000 | 	 Recall : 0.8697
Test Loss : 0.0018	 | 	 Accuracy : 0.9996 | 	 AUC : 1.0000 | 	 Precision : 1.0000 | 	 Recall : 0.9991

Epoch : 7
Train Loss : 0.0899	 | 	 Accuracy : 0.9415 | 	 AUC : 0.9924 | 	 Precision : 0.9988 | 	 Recall : 0.8853
Test Loss : 0.0006	 | 	 Accuracy : 0.9996 | 	 AUC : 1.0000 | 	 Precision : 1.0000 | 	 Recall : 0.9991

Epoch : 8
Train Loss : 0.0844	 | 	 Accuracy : 0.9423 | 	 AUC : 0.9929 | 	 Precision : 0.9995 | 	 Recall : 0.8853
Test Loss : 0.0000	 | 	 Accuracy : 1.0000 | 	 AUC : 1.0000 | 	 Precision : 1.0000 | 	 Recall : 1.0000

Epoch : 9
Train Loss : 0.0822	 | 	 Accuracy : 0.9407 | 	 AUC : 0.9930 | 	 Precision : 1.0000 | 	 Recall : 0.8812
Test Loss : 0.0001	 | 	 Accuracy : 1.0000 | 	 AUC : 1.0000 | 	 Precision : 1.0000 | 	 Recall : 1.0000

Epoch : 10
Train Loss : 0.0861	 | 	 Accuracy : 0.9374 | 	 AUC : 0.9924 | 	 Precision : 1.0000 | 	 Recall : 0.8753
Test Loss : 0.0001	 | 	 Accuracy : 1.0000 | 	 AUC : 1.0000 | 	 Precision : 1.0000 | 	 Recall : 1.0000

Epoch : 11
Train Loss : 0.0844	 | 	 Accuracy : 0.9424 | 	 AUC : 0.9926 | 	 Precision : 0.9997 | 	 Recall : 0.8855
Test Loss : 0.0019	 | 	 Accuracy : 0.9996 | 	 AUC : 1.0000 | 	 Precision : 1.0000 | 	 Recall : 0.9992

Epoch : 12
Train Loss : 0.1015	 | 	 Accuracy : 0.9393 | 	 AUC : 0.9917 | 	 Precision : 0.9979 | 	 Recall : 0.8810
Test Loss : 0.0031	 | 	 Accuracy : 0.9991 | 	 AUC : 1.0000 | 	 Precision : 0.9984 | 	 Recall : 1.0000

Epoch : 13
Train Loss : 0.0819	 | 	 Accuracy : 0.9418 | 	 AUC : 0.9930 | 	 Precision : 0.9991 | 	 Recall : 0.8853
Test Loss : 0.0002	 | 	 Accuracy : 1.0000 | 	 AUC : 1.0000 | 	 Precision : 1.0000 | 	 Recall : 1.0000

Epoch : 14
Train Loss : 0.0869	 | 	 Accuracy : 0.9389 | 	 AUC : 0.9926 | 	 Precision : 0.9994 | 	 Recall : 0.8791
Test Loss : 0.0007	 | 	 Accuracy : 0.9996 | 	 AUC : 1.0000 | 	 Precision : 0.9993 | 	 Recall : 1.0000

Epoch : 15
Train Loss : 0.0885	 | 	 Accuracy : 0.9377 | 	 AUC : 0.9919 | 	 Precision : 0.9998 | 	 Recall : 0.8756
Test Loss : 0.0000	 | 	 Accuracy : 1.0000 | 	 AUC : 1.0000 | 	 Precision : 1.0000 | 	 Recall : 1.0000

Epoch : 16
Train Loss : 0.0847	 | 	 Accuracy : 0.9412 | 	 AUC : 0.9923 | 	 Precision : 1.0000 | 	 Recall : 0.8830
Test Loss : 0.0001	 | 	 Accuracy : 1.0000 | 	 AUC : 1.0000 | 	 Precision : 1.0000 | 	 Recall : 1.0000

Epoch : 17
Train Loss : 0.0887	 | 	 Accuracy : 0.9372 | 	 AUC : 0.9925 | 	 Precision : 0.9995 | 	 Recall : 0.8767
Test Loss : 0.0000	 | 	 Accuracy : 1.0000 | 	 AUC : 1.0000 | 	 Precision : 1.0000 | 	 Recall : 1.0000

Epoch : 18
Train Loss : 0.0883	 | 	 Accuracy : 0.9370 | 	 AUC : 0.9922 | 	 Precision : 0.9989 | 	 Recall : 0.8739
Test Loss : 0.0002	 | 	 Accuracy : 1.0000 | 	 AUC : 1.0000 | 	 Precision : 1.0000 | 	 Recall : 1.0000

Epoch : 19
Train Loss : 0.0857	 | 	 Accuracy : 0.9349 | 	 AUC : 0.9922 | 	 Precision : 1.0000 | 	 Recall : 0.8701
Test Loss : 0.0000	 | 	 Accuracy : 1.0000 | 	 AUC : 1.0000 | 	 Precision : 1.0000 | 	 Recall : 1.0000

Epoch : 20
Train Loss : 0.0900	 | 	 Accuracy : 0.9346 | 	 AUC : 0.9914 | 	 Precision : 1.0000 | 	 Recall : 0.8691
Test Loss : 0.0001	 | 	 Accuracy : 1.0000 | 	 AUC : 1.0000 | 	 Precision : 1.0000 | 	 Recall : 1.0000

################## Training and Testing is Done! #########################
runing time is : 0:01:04.678360
